#
# There is insufficient memory for the Java Runtime Environment to continue.
# Native memory allocation (malloc) failed to allocate 32744 bytes for ChunkPool::allocate
# Possible reasons:
#   The system is out of physical RAM or swap space
#   The process is running with CompressedOops enabled, and the Java Heap may be blocking the growth of the native heap
# Possible solutions:
#   Reduce memory load on the system
#   Increase physical memory or swap space
#   Check if swap backing store is full
#   Decrease Java heap size (-Xmx/-Xms)
#   Decrease number of Java threads
#   Decrease Java thread stack sizes (-Xss)
#   Set larger code cache with -XX:ReservedCodeCacheSize=
#   JVM is running with Unscaled Compressed Oops mode in which the Java heap is
#     placed in the first 4GB address space. The Java Heap base address is the
#     maximum limit for the native heap growth. Please use -XX:HeapBaseMinAddress
#     to set the Java Heap base and to place the Java Heap above 4GB virtual address.
# This output file may be truncated or incomplete.
#
#  Out of Memory Error (arena.cpp:78), pid=11908, tid=9468
#
# JRE version: OpenJDK Runtime Environment (17.0.6) (build 17.0.6+0-b2043.56-10027231)
# Java VM: OpenJDK 64-Bit Server VM (17.0.6+0-b2043.56-10027231, mixed mode, tiered, compressed oops, compressed class ptrs, g1 gc, windows-amd64)
# No core dump will be written. Minidumps are not enabled by default on client versions of Windows
#

---------------  S U M M A R Y ------------

Command Line: -Dorg.gradle.appname=gradlew org.gradle.wrapper.GradleWrapperMain -q -Ptarget-platform=android-arm -Ptarget=C:\Users\aldas\myProjects\essential_control\lib\main.dart -Pbase-application-name=android.app.Application -Pdart-defines=RkxVVFRFUl9XRUJfQVVUT19ERVRFQ1Q9dHJ1ZQ==,RkxVVFRFUl9XRUJfQ0FOVkFTS0lUX1VSTD1odHRwczovL3d3dy5nc3RhdGljLmNvbS9mbHV0dGVyLWNhbnZhc2tpdC9iZDk4NmM1ZWQyMGE2MmRjMzRiNzcxOGM1MGFiYzc4MmJlYWU0YzMzLw== -Pdart-obfuscation=false -Ptrack-widget-creation=true -Ptree-shake-icons=false -Pfilesystem-scheme=org-dartlang-root assembleDebug

Host: Intel(R) Core(TM) i7-6500U CPU @ 2.50GHz, 4 cores, 7G,  Windows 10 , 64 bit Build 19041 (10.0.19041.3636)
Time: Sun Dec  3 11:52:58 2023 Hora est. Pacífico, Sudamérica elapsed time: 6.100033 seconds (0d 0h 0m 6s)

---------------  T H R E A D  ---------------

Current thread (0x0000015b38421180):  JavaThread "C2 CompilerThread0" daemon [_thread_in_native, id=9468, stack(0x0000002ac3700000,0x0000002ac3800000)]


Current CompileTask:
C2:   6100 1194       4       java.lang.AbstractStringBuilder::append (45 bytes)

Stack: [0x0000002ac3700000,0x0000002ac3800000]
Native frames: (J=compiled Java code, j=interpreted, Vv=VM code, C=native code)
V  [jvm.dll+0x683c9a]
V  [jvm.dll+0x8427a4]
V  [jvm.dll+0x843f9e]
V  [jvm.dll+0x844603]
V  [jvm.dll+0x249b75]
V  [jvm.dll+0xabecc]
V  [jvm.dll+0xac27c]
V  [jvm.dll+0x125dac]
V  [jvm.dll+0x124e03]
V  [jvm.dll+0x6891b5]
V  [jvm.dll+0x21c5cf]
V  [jvm.dll+0x21b621]
V  [jvm.dll+0x1a4fdd]
V  [jvm.dll+0x22b098]
V  [jvm.dll+0x229159]
V  [jvm.dll+0x7f81ec]
V  [jvm.dll+0x7f274a]
V  [jvm.dll+0x682ad5]
C  [ucrtbase.dll+0x21bb2]
C  [KERNEL32.DLL+0x17344]
C  [ntdll.dll+0x526b1]


---------------  P R O C E S S  ---------------

Threads class SMR info:
_java_thread_list=0x0000015b39343b20, length=13, elements={
0x0000015b1c56b370, 0x0000015b37970960, 0x0000015b379716e0, 0x0000015b3841a540,
0x0000015b3841af00, 0x0000015b3841c7d0, 0x0000015b3841d090, 0x0000015b38421180,
0x0000015b38421b30, 0x0000015b38438420, 0x0000015b3859e0f0, 0x0000015b385a4e00,
0x0000015b3941aa20
}

Java Threads: ( => current thread )
  0x0000015b1c56b370 JavaThread "main" [_thread_blocked, id=12596, stack(0x0000002ac2a00000,0x0000002ac2b00000)]
  0x0000015b37970960 JavaThread "Reference Handler" daemon [_thread_blocked, id=5204, stack(0x0000002ac3100000,0x0000002ac3200000)]
  0x0000015b379716e0 JavaThread "Finalizer" daemon [_thread_blocked, id=6204, stack(0x0000002ac3200000,0x0000002ac3300000)]
  0x0000015b3841a540 JavaThread "Signal Dispatcher" daemon [_thread_blocked, id=3256, stack(0x0000002ac3300000,0x0000002ac3400000)]
  0x0000015b3841af00 JavaThread "Attach Listener" daemon [_thread_blocked, id=8216, stack(0x0000002ac3400000,0x0000002ac3500000)]
  0x0000015b3841c7d0 JavaThread "Service Thread" daemon [_thread_blocked, id=14148, stack(0x0000002ac3500000,0x0000002ac3600000)]
  0x0000015b3841d090 JavaThread "Monitor Deflation Thread" daemon [_thread_blocked, id=6664, stack(0x0000002ac3600000,0x0000002ac3700000)]
=>0x0000015b38421180 JavaThread "C2 CompilerThread0" daemon [_thread_in_native, id=9468, stack(0x0000002ac3700000,0x0000002ac3800000)]
  0x0000015b38421b30 JavaThread "C1 CompilerThread0" daemon [_thread_blocked, id=12936, stack(0x0000002ac3800000,0x0000002ac3900000)]
  0x0000015b38438420 JavaThread "Sweeper thread" daemon [_thread_blocked, id=1308, stack(0x0000002ac3900000,0x0000002ac3a00000)]
  0x0000015b3859e0f0 JavaThread "Notification Thread" daemon [_thread_blocked, id=13264, stack(0x0000002ac3a00000,0x0000002ac3b00000)]
  0x0000015b385a4e00 JavaThread "Common-Cleaner" daemon [_thread_blocked, id=11736, stack(0x0000002ac3c00000,0x0000002ac3d00000)]
  0x0000015b3941aa20 JavaThread "DisconnectableInputStream source reader" daemon [_thread_in_native, id=5712, stack(0x0000002ac4200000,0x0000002ac4300000)]

Other Threads:
  0x0000015b37969d30 VMThread "VM Thread" [stack: 0x0000002ac3000000,0x0000002ac3100000] [id=12576]
  0x0000015b379095a0 WatcherThread [stack: 0x0000002ac3b00000,0x0000002ac3c00000] [id=13632]
  0x0000015b1c5c89c0 GCTaskThread "GC Thread#0" [stack: 0x0000002ac2b00000,0x0000002ac2c00000] [id=13084]
  0x0000015b389cd130 GCTaskThread "GC Thread#1" [stack: 0x0000002ac3e00000,0x0000002ac3f00000] [id=2628]
  0x0000015b38b5eb40 GCTaskThread "GC Thread#2" [stack: 0x0000002ac3f00000,0x0000002ac4000000] [id=11404]
  0x0000015b38a5ab20 GCTaskThread "GC Thread#3" [stack: 0x0000002ac4000000,0x0000002ac4100000] [id=7920]
  0x0000015b1c5d9bb0 ConcurrentGCThread "G1 Main Marker" [stack: 0x0000002ac2c00000,0x0000002ac2d00000] [id=9896]
  0x0000015b1c5da4d0 ConcurrentGCThread "G1 Conc#0" [stack: 0x0000002ac2d00000,0x0000002ac2e00000] [id=4084]
  0x0000015b1c63ebe0 ConcurrentGCThread "G1 Refine#0" [stack: 0x0000002ac2e00000,0x0000002ac2f00000] [id=6336]
  0x0000015b377d05e0 ConcurrentGCThread "G1 Service" [stack: 0x0000002ac2f00000,0x0000002ac3000000] [id=1852]

Threads with active compile tasks:
C2 CompilerThread0     6160 1194       4       java.lang.AbstractStringBuilder::append (45 bytes)

VM state: not at safepoint (normal execution)

VM Mutex/Monitor currently owned by a thread: None

Heap address: 0x0000000082000000, size: 2016 MB, Compressed Oops mode: 32-bit

CDS archive(s) not mapped
Compressed class space mapped at: 0x0000000100000000-0x0000000140000000, reserved size: 1073741824
Narrow klass base: 0x0000000000000000, Narrow klass shift: 3, Narrow klass range: 0x140000000

GC Precious Log:
 CPUs: 4 total, 4 available
 Memory: 8063M
 Large Page Support: Disabled
 NUMA Support: Disabled
 Compressed Oops: Enabled (32-bit)
 Heap Region Size: 1M
 Heap Min Capacity: 8M
 Heap Initial Capacity: 126M
 Heap Max Capacity: 2016M
 Pre-touch: Disabled
 Parallel Workers: 4
 Concurrent Workers: 1
 Concurrent Refinement Workers: 4
 Periodic GC: Disabled

Heap:
 garbage-first heap   total 129024K, used 15713K [0x0000000082000000, 0x0000000100000000)
  region size 1024K, 10 young (10240K), 3 survivors (3072K)
 Metaspace       used 16580K, committed 16768K, reserved 1064960K
  class space    used 1943K, committed 2048K, reserved 1048576K

Heap Regions: E=young(eden), S=young(survivor), O=old, HS=humongous(starts), HC=humongous(continues), CS=collection set, F=free, OA=open archive, CA=closed archive, TAMS=top-at-mark-start (previous, next)
|   0|0x0000000082000000, 0x0000000082100000, 0x0000000082100000|100%|HS|  |TAMS 0x0000000082000000, 0x0000000082000000| Complete 
|   1|0x0000000082100000, 0x0000000082200000, 0x0000000082200000|100%|HC|  |TAMS 0x0000000082100000, 0x0000000082100000| Complete 
|   2|0x0000000082200000, 0x0000000082300000, 0x0000000082300000|100%|HC|  |TAMS 0x0000000082200000, 0x0000000082200000| Complete 
|   3|0x0000000082300000, 0x0000000082400000, 0x0000000082400000|100%| O|  |TAMS 0x0000000082300000, 0x0000000082300000| Untracked 
|   4|0x0000000082400000, 0x0000000082500000, 0x0000000082500000|100%| O|  |TAMS 0x0000000082400000, 0x0000000082400000| Untracked 
|   5|0x0000000082500000, 0x0000000082600000, 0x0000000082600000|100%| O|  |TAMS 0x0000000082500000, 0x0000000082500000| Untracked 
|   6|0x0000000082600000, 0x0000000082658400, 0x0000000082700000| 34%| O|  |TAMS 0x0000000082600000, 0x0000000082600000| Untracked 
|   7|0x0000000082700000, 0x0000000082700000, 0x0000000082800000|  0%| F|  |TAMS 0x0000000082700000, 0x0000000082700000| Untracked 
|   8|0x0000000082800000, 0x0000000082800000, 0x0000000082900000|  0%| F|  |TAMS 0x0000000082800000, 0x0000000082800000| Untracked 
|   9|0x0000000082900000, 0x0000000082900000, 0x0000000082a00000|  0%| F|  |TAMS 0x0000000082900000, 0x0000000082900000| Untracked 
|  10|0x0000000082a00000, 0x0000000082a00000, 0x0000000082b00000|  0%| F|  |TAMS 0x0000000082a00000, 0x0000000082a00000| Untracked 
|  11|0x0000000082b00000, 0x0000000082b00000, 0x0000000082c00000|  0%| F|  |TAMS 0x0000000082b00000, 0x0000000082b00000| Untracked 
|  12|0x0000000082c00000, 0x0000000082c00000, 0x0000000082d00000|  0%| F|  |TAMS 0x0000000082c00000, 0x0000000082c00000| Untracked 
|  13|0x0000000082d00000, 0x0000000082d00000, 0x0000000082e00000|  0%| F|  |TAMS 0x0000000082d00000, 0x0000000082d00000| Untracked 
|  14|0x0000000082e00000, 0x0000000082e00000, 0x0000000082f00000|  0%| F|  |TAMS 0x0000000082e00000, 0x0000000082e00000| Untracked 
|  15|0x0000000082f00000, 0x0000000082f00000, 0x0000000083000000|  0%| F|  |TAMS 0x0000000082f00000, 0x0000000082f00000| Untracked 
|  16|0x0000000083000000, 0x0000000083000000, 0x0000000083100000|  0%| F|  |TAMS 0x0000000083000000, 0x0000000083000000| Untracked 
|  17|0x0000000083100000, 0x0000000083100000, 0x0000000083200000|  0%| F|  |TAMS 0x0000000083100000, 0x0000000083100000| Untracked 
|  18|0x0000000083200000, 0x0000000083200000, 0x0000000083300000|  0%| F|  |TAMS 0x0000000083200000, 0x0000000083200000| Untracked 
|  19|0x0000000083300000, 0x0000000083300000, 0x0000000083400000|  0%| F|  |TAMS 0x0000000083300000, 0x0000000083300000| Untracked 
|  20|0x0000000083400000, 0x0000000083400000, 0x0000000083500000|  0%| F|  |TAMS 0x0000000083400000, 0x0000000083400000| Untracked 
|  21|0x0000000083500000, 0x0000000083500000, 0x0000000083600000|  0%| F|  |TAMS 0x0000000083500000, 0x0000000083500000| Untracked 
|  22|0x0000000083600000, 0x0000000083600000, 0x0000000083700000|  0%| F|  |TAMS 0x0000000083600000, 0x0000000083600000| Untracked 
|  23|0x0000000083700000, 0x0000000083700000, 0x0000000083800000|  0%| F|  |TAMS 0x0000000083700000, 0x0000000083700000| Untracked 
|  24|0x0000000083800000, 0x0000000083800000, 0x0000000083900000|  0%| F|  |TAMS 0x0000000083800000, 0x0000000083800000| Untracked 
|  25|0x0000000083900000, 0x0000000083900000, 0x0000000083a00000|  0%| F|  |TAMS 0x0000000083900000, 0x0000000083900000| Untracked 
|  26|0x0000000083a00000, 0x0000000083a00000, 0x0000000083b00000|  0%| F|  |TAMS 0x0000000083a00000, 0x0000000083a00000| Untracked 
|  27|0x0000000083b00000, 0x0000000083b00000, 0x0000000083c00000|  0%| F|  |TAMS 0x0000000083b00000, 0x0000000083b00000| Untracked 
|  28|0x0000000083c00000, 0x0000000083c00000, 0x0000000083d00000|  0%| F|  |TAMS 0x0000000083c00000, 0x0000000083c00000| Untracked 
|  29|0x0000000083d00000, 0x0000000083d00000, 0x0000000083e00000|  0%| F|  |TAMS 0x0000000083d00000, 0x0000000083d00000| Untracked 
|  30|0x0000000083e00000, 0x0000000083e00000, 0x0000000083f00000|  0%| F|  |TAMS 0x0000000083e00000, 0x0000000083e00000| Untracked 
|  31|0x0000000083f00000, 0x0000000083f00000, 0x0000000084000000|  0%| F|  |TAMS 0x0000000083f00000, 0x0000000083f00000| Untracked 
|  32|0x0000000084000000, 0x0000000084000000, 0x0000000084100000|  0%| F|  |TAMS 0x0000000084000000, 0x0000000084000000| Untracked 
|  33|0x0000000084100000, 0x0000000084100000, 0x0000000084200000|  0%| F|  |TAMS 0x0000000084100000, 0x0000000084100000| Untracked 
|  34|0x0000000084200000, 0x0000000084200000, 0x0000000084300000|  0%| F|  |TAMS 0x0000000084200000, 0x0000000084200000| Untracked 
|  35|0x0000000084300000, 0x0000000084300000, 0x0000000084400000|  0%| F|  |TAMS 0x0000000084300000, 0x0000000084300000| Untracked 
|  36|0x0000000084400000, 0x0000000084400000, 0x0000000084500000|  0%| F|  |TAMS 0x0000000084400000, 0x0000000084400000| Untracked 
|  37|0x0000000084500000, 0x0000000084500000, 0x0000000084600000|  0%| F|  |TAMS 0x0000000084500000, 0x0000000084500000| Untracked 
|  38|0x0000000084600000, 0x0000000084600000, 0x0000000084700000|  0%| F|  |TAMS 0x0000000084600000, 0x0000000084600000| Untracked 
|  39|0x0000000084700000, 0x0000000084700000, 0x0000000084800000|  0%| F|  |TAMS 0x0000000084700000, 0x0000000084700000| Untracked 
|  40|0x0000000084800000, 0x0000000084800000, 0x0000000084900000|  0%| F|  |TAMS 0x0000000084800000, 0x0000000084800000| Untracked 
|  41|0x0000000084900000, 0x0000000084900000, 0x0000000084a00000|  0%| F|  |TAMS 0x0000000084900000, 0x0000000084900000| Untracked 
|  42|0x0000000084a00000, 0x0000000084a00000, 0x0000000084b00000|  0%| F|  |TAMS 0x0000000084a00000, 0x0000000084a00000| Untracked 
|  43|0x0000000084b00000, 0x0000000084b00000, 0x0000000084c00000|  0%| F|  |TAMS 0x0000000084b00000, 0x0000000084b00000| Untracked 
|  44|0x0000000084c00000, 0x0000000084c00000, 0x0000000084d00000|  0%| F|  |TAMS 0x0000000084c00000, 0x0000000084c00000| Untracked 
|  45|0x0000000084d00000, 0x0000000084d00000, 0x0000000084e00000|  0%| F|  |TAMS 0x0000000084d00000, 0x0000000084d00000| Untracked 
|  46|0x0000000084e00000, 0x0000000084e00000, 0x0000000084f00000|  0%| F|  |TAMS 0x0000000084e00000, 0x0000000084e00000| Untracked 
|  47|0x0000000084f00000, 0x0000000084f00000, 0x0000000085000000|  0%| F|  |TAMS 0x0000000084f00000, 0x0000000084f00000| Untracked 
|  48|0x0000000085000000, 0x0000000085000000, 0x0000000085100000|  0%| F|  |TAMS 0x0000000085000000, 0x0000000085000000| Untracked 
|  49|0x0000000085100000, 0x0000000085100000, 0x0000000085200000|  0%| F|  |TAMS 0x0000000085100000, 0x0000000085100000| Untracked 
|  50|0x0000000085200000, 0x0000000085200000, 0x0000000085300000|  0%| F|  |TAMS 0x0000000085200000, 0x0000000085200000| Untracked 
|  51|0x0000000085300000, 0x0000000085300000, 0x0000000085400000|  0%| F|  |TAMS 0x0000000085300000, 0x0000000085300000| Untracked 
|  52|0x0000000085400000, 0x0000000085400000, 0x0000000085500000|  0%| F|  |TAMS 0x0000000085400000, 0x0000000085400000| Untracked 
|  53|0x0000000085500000, 0x0000000085500000, 0x0000000085600000|  0%| F|  |TAMS 0x0000000085500000, 0x0000000085500000| Untracked 
|  54|0x0000000085600000, 0x0000000085600000, 0x0000000085700000|  0%| F|  |TAMS 0x0000000085600000, 0x0000000085600000| Untracked 
|  55|0x0000000085700000, 0x0000000085700000, 0x0000000085800000|  0%| F|  |TAMS 0x0000000085700000, 0x0000000085700000| Untracked 
|  56|0x0000000085800000, 0x0000000085800000, 0x0000000085900000|  0%| F|  |TAMS 0x0000000085800000, 0x0000000085800000| Untracked 
|  57|0x0000000085900000, 0x0000000085900000, 0x0000000085a00000|  0%| F|  |TAMS 0x0000000085900000, 0x0000000085900000| Untracked 
|  58|0x0000000085a00000, 0x0000000085a00000, 0x0000000085b00000|  0%| F|  |TAMS 0x0000000085a00000, 0x0000000085a00000| Untracked 
|  59|0x0000000085b00000, 0x0000000085b00000, 0x0000000085c00000|  0%| F|  |TAMS 0x0000000085b00000, 0x0000000085b00000| Untracked 
|  60|0x0000000085c00000, 0x0000000085c00000, 0x0000000085d00000|  0%| F|  |TAMS 0x0000000085c00000, 0x0000000085c00000| Untracked 
|  61|0x0000000085d00000, 0x0000000085d00000, 0x0000000085e00000|  0%| F|  |TAMS 0x0000000085d00000, 0x0000000085d00000| Untracked 
|  62|0x0000000085e00000, 0x0000000085e00000, 0x0000000085f00000|  0%| F|  |TAMS 0x0000000085e00000, 0x0000000085e00000| Untracked 
|  63|0x0000000085f00000, 0x0000000085f00000, 0x0000000086000000|  0%| F|  |TAMS 0x0000000085f00000, 0x0000000085f00000| Untracked 
|  64|0x0000000086000000, 0x0000000086000000, 0x0000000086100000|  0%| F|  |TAMS 0x0000000086000000, 0x0000000086000000| Untracked 
|  65|0x0000000086100000, 0x0000000086100000, 0x0000000086200000|  0%| F|  |TAMS 0x0000000086100000, 0x0000000086100000| Untracked 
|  66|0x0000000086200000, 0x0000000086200000, 0x0000000086300000|  0%| F|  |TAMS 0x0000000086200000, 0x0000000086200000| Untracked 
|  67|0x0000000086300000, 0x0000000086300000, 0x0000000086400000|  0%| F|  |TAMS 0x0000000086300000, 0x0000000086300000| Untracked 
|  68|0x0000000086400000, 0x0000000086400000, 0x0000000086500000|  0%| F|  |TAMS 0x0000000086400000, 0x0000000086400000| Untracked 
|  69|0x0000000086500000, 0x0000000086500000, 0x0000000086600000|  0%| F|  |TAMS 0x0000000086500000, 0x0000000086500000| Untracked 
|  70|0x0000000086600000, 0x0000000086600000, 0x0000000086700000|  0%| F|  |TAMS 0x0000000086600000, 0x0000000086600000| Untracked 
|  71|0x0000000086700000, 0x0000000086700000, 0x0000000086800000|  0%| F|  |TAMS 0x0000000086700000, 0x0000000086700000| Untracked 
|  72|0x0000000086800000, 0x0000000086800000, 0x0000000086900000|  0%| F|  |TAMS 0x0000000086800000, 0x0000000086800000| Untracked 
|  73|0x0000000086900000, 0x0000000086900000, 0x0000000086a00000|  0%| F|  |TAMS 0x0000000086900000, 0x0000000086900000| Untracked 
|  74|0x0000000086a00000, 0x0000000086a00000, 0x0000000086b00000|  0%| F|  |TAMS 0x0000000086a00000, 0x0000000086a00000| Untracked 
|  75|0x0000000086b00000, 0x0000000086b00000, 0x0000000086c00000|  0%| F|  |TAMS 0x0000000086b00000, 0x0000000086b00000| Untracked 
|  76|0x0000000086c00000, 0x0000000086c00000, 0x0000000086d00000|  0%| F|  |TAMS 0x0000000086c00000, 0x0000000086c00000| Untracked 
|  77|0x0000000086d00000, 0x0000000086d00000, 0x0000000086e00000|  0%| F|  |TAMS 0x0000000086d00000, 0x0000000086d00000| Untracked 
|  78|0x0000000086e00000, 0x0000000086e00000, 0x0000000086f00000|  0%| F|  |TAMS 0x0000000086e00000, 0x0000000086e00000| Untracked 
|  79|0x0000000086f00000, 0x0000000086f00000, 0x0000000087000000|  0%| F|  |TAMS 0x0000000086f00000, 0x0000000086f00000| Untracked 
|  80|0x0000000087000000, 0x0000000087000000, 0x0000000087100000|  0%| F|  |TAMS 0x0000000087000000, 0x0000000087000000| Untracked 
|  81|0x0000000087100000, 0x0000000087100000, 0x0000000087200000|  0%| F|  |TAMS 0x0000000087100000, 0x0000000087100000| Untracked 
|  82|0x0000000087200000, 0x0000000087200000, 0x0000000087300000|  0%| F|  |TAMS 0x0000000087200000, 0x0000000087200000| Untracked 
|  83|0x0000000087300000, 0x0000000087300000, 0x0000000087400000|  0%| F|  |TAMS 0x0000000087300000, 0x0000000087300000| Untracked 
|  84|0x0000000087400000, 0x0000000087400000, 0x0000000087500000|  0%| F|  |TAMS 0x0000000087400000, 0x0000000087400000| Untracked 
|  85|0x0000000087500000, 0x0000000087500000, 0x0000000087600000|  0%| F|  |TAMS 0x0000000087500000, 0x0000000087500000| Untracked 
|  86|0x0000000087600000, 0x0000000087600000, 0x0000000087700000|  0%| F|  |TAMS 0x0000000087600000, 0x0000000087600000| Untracked 
|  87|0x0000000087700000, 0x0000000087700000, 0x0000000087800000|  0%| F|  |TAMS 0x0000000087700000, 0x0000000087700000| Untracked 
|  88|0x0000000087800000, 0x0000000087800000, 0x0000000087900000|  0%| F|  |TAMS 0x0000000087800000, 0x0000000087800000| Untracked 
|  89|0x0000000087900000, 0x0000000087900000, 0x0000000087a00000|  0%| F|  |TAMS 0x0000000087900000, 0x0000000087900000| Untracked 
|  90|0x0000000087a00000, 0x0000000087a00000, 0x0000000087b00000|  0%| F|  |TAMS 0x0000000087a00000, 0x0000000087a00000| Untracked 
|  91|0x0000000087b00000, 0x0000000087b00000, 0x0000000087c00000|  0%| F|  |TAMS 0x0000000087b00000, 0x0000000087b00000| Untracked 
|  92|0x0000000087c00000, 0x0000000087c00000, 0x0000000087d00000|  0%| F|  |TAMS 0x0000000087c00000, 0x0000000087c00000| Untracked 
|  93|0x0000000087d00000, 0x0000000087d00000, 0x0000000087e00000|  0%| F|  |TAMS 0x0000000087d00000, 0x0000000087d00000| Untracked 
|  94|0x0000000087e00000, 0x0000000087e00000, 0x0000000087f00000|  0%| F|  |TAMS 0x0000000087e00000, 0x0000000087e00000| Untracked 
|  95|0x0000000087f00000, 0x0000000087f00000, 0x0000000088000000|  0%| F|  |TAMS 0x0000000087f00000, 0x0000000087f00000| Untracked 
|  96|0x0000000088000000, 0x0000000088000000, 0x0000000088100000|  0%| F|  |TAMS 0x0000000088000000, 0x0000000088000000| Untracked 
|  97|0x0000000088100000, 0x0000000088100000, 0x0000000088200000|  0%| F|  |TAMS 0x0000000088100000, 0x0000000088100000| Untracked 
|  98|0x0000000088200000, 0x0000000088200000, 0x0000000088300000|  0%| F|  |TAMS 0x0000000088200000, 0x0000000088200000| Untracked 
|  99|0x0000000088300000, 0x0000000088300000, 0x0000000088400000|  0%| F|  |TAMS 0x0000000088300000, 0x0000000088300000| Untracked 
| 100|0x0000000088400000, 0x0000000088400000, 0x0000000088500000|  0%| F|  |TAMS 0x0000000088400000, 0x0000000088400000| Untracked 
| 101|0x0000000088500000, 0x0000000088500000, 0x0000000088600000|  0%| F|  |TAMS 0x0000000088500000, 0x0000000088500000| Untracked 
| 102|0x0000000088600000, 0x0000000088600000, 0x0000000088700000|  0%| F|  |TAMS 0x0000000088600000, 0x0000000088600000| Untracked 
| 103|0x0000000088700000, 0x0000000088700000, 0x0000000088800000|  0%| F|  |TAMS 0x0000000088700000, 0x0000000088700000| Untracked 
| 104|0x0000000088800000, 0x0000000088800000, 0x0000000088900000|  0%| F|  |TAMS 0x0000000088800000, 0x0000000088800000| Untracked 
| 105|0x0000000088900000, 0x0000000088a00000, 0x0000000088a00000|100%| S|CS|TAMS 0x0000000088900000, 0x0000000088900000| Complete 
| 106|0x0000000088a00000, 0x0000000088b00000, 0x0000000088b00000|100%| S|CS|TAMS 0x0000000088a00000, 0x0000000088a00000| Complete 
| 107|0x0000000088b00000, 0x0000000088c00000, 0x0000000088c00000|100%| S|CS|TAMS 0x0000000088b00000, 0x0000000088b00000| Complete 
| 108|0x0000000088c00000, 0x0000000088c00000, 0x0000000088d00000|  0%| F|  |TAMS 0x0000000088c00000, 0x0000000088c00000| Untracked 
| 109|0x0000000088d00000, 0x0000000088d00000, 0x0000000088e00000|  0%| F|  |TAMS 0x0000000088d00000, 0x0000000088d00000| Untracked 
| 110|0x0000000088e00000, 0x0000000088e00000, 0x0000000088f00000|  0%| F|  |TAMS 0x0000000088e00000, 0x0000000088e00000| Untracked 
| 111|0x0000000088f00000, 0x0000000088f00000, 0x0000000089000000|  0%| F|  |TAMS 0x0000000088f00000, 0x0000000088f00000| Untracked 
| 112|0x0000000089000000, 0x0000000089000000, 0x0000000089100000|  0%| F|  |TAMS 0x0000000089000000, 0x0000000089000000| Untracked 
| 113|0x0000000089100000, 0x0000000089100000, 0x0000000089200000|  0%| F|  |TAMS 0x0000000089100000, 0x0000000089100000| Untracked 
| 114|0x0000000089200000, 0x0000000089200000, 0x0000000089300000|  0%| F|  |TAMS 0x0000000089200000, 0x0000000089200000| Untracked 
| 115|0x0000000089300000, 0x0000000089300000, 0x0000000089400000|  0%| F|  |TAMS 0x0000000089300000, 0x0000000089300000| Untracked 
| 116|0x0000000089400000, 0x0000000089400000, 0x0000000089500000|  0%| F|  |TAMS 0x0000000089400000, 0x0000000089400000| Untracked 
| 117|0x0000000089500000, 0x0000000089500000, 0x0000000089600000|  0%| F|  |TAMS 0x0000000089500000, 0x0000000089500000| Untracked 
| 118|0x0000000089600000, 0x0000000089600000, 0x0000000089700000|  0%| F|  |TAMS 0x0000000089600000, 0x0000000089600000| Untracked 
| 119|0x0000000089700000, 0x0000000089800000, 0x0000000089800000|100%| E|  |TAMS 0x0000000089700000, 0x0000000089700000| Complete 
| 120|0x0000000089800000, 0x0000000089900000, 0x0000000089900000|100%| E|CS|TAMS 0x0000000089800000, 0x0000000089800000| Complete 
| 121|0x0000000089900000, 0x0000000089a00000, 0x0000000089a00000|100%| E|CS|TAMS 0x0000000089900000, 0x0000000089900000| Complete 
| 122|0x0000000089a00000, 0x0000000089b00000, 0x0000000089b00000|100%| E|CS|TAMS 0x0000000089a00000, 0x0000000089a00000| Complete 
| 123|0x0000000089b00000, 0x0000000089c00000, 0x0000000089c00000|100%| E|CS|TAMS 0x0000000089b00000, 0x0000000089b00000| Complete 
| 124|0x0000000089c00000, 0x0000000089d00000, 0x0000000089d00000|100%| E|CS|TAMS 0x0000000089c00000, 0x0000000089c00000| Complete 
| 125|0x0000000089d00000, 0x0000000089e00000, 0x0000000089e00000|100%| E|CS|TAMS 0x0000000089d00000, 0x0000000089d00000| Complete 

Card table byte_map: [0x0000015b30c50000,0x0000015b31040000] _byte_map_base: 0x0000015b30840000

Marking Bits (Prev, Next): (CMBitMap*) 0x0000015b1c5c8ee0, (CMBitMap*) 0x0000015b1c5c8f20
 Prev Bits: [0x0000015b31430000, 0x0000015b333b0000)
 Next Bits: [0x0000015b333b0000, 0x0000015b35330000)

Polling page: 0x0000015b1c640000

Metaspace:

Usage:
  Non-class:     14.29 MB used.
      Class:      1.90 MB used.
       Both:     16.19 MB used.

Virtual space:
  Non-class space:       16.00 MB reserved,      14.38 MB ( 90%) committed,  2 nodes.
      Class space:        1.00 GB reserved,       2.00 MB ( <1%) committed,  1 nodes.
             Both:        1.02 GB reserved,      16.38 MB (  2%) committed. 

Chunk freelists:
   Non-Class:  966.00 KB
       Class:  2.03 MB
        Both:  2.98 MB

MaxMetaspaceSize: unlimited
CompressedClassSpaceSize: 1.00 GB
Initial GC threshold: 21.00 MB
Current GC threshold: 21.00 MB
CDS: off
MetaspaceReclaimPolicy: balanced
 - commit_granule_bytes: 65536.
 - commit_granule_words: 8192.
 - virtual_space_node_default_size: 1048576.
 - enlarge_chunks_in_place: 1.
 - new_chunks_are_fully_committed: 0.
 - uncommit_free_chunks: 1.
 - use_allocation_guard: 0.
 - handle_deallocations: 1.


Internal statistics:

num_allocs_failed_limit: 0.
num_arena_births: 104.
num_arena_deaths: 0.
num_vsnodes_births: 3.
num_vsnodes_deaths: 0.
num_space_committed: 262.
num_space_uncommitted: 0.
num_chunks_returned_to_freelist: 0.
num_chunks_taken_from_freelist: 343.
num_chunk_merges: 0.
num_chunk_splits: 215.
num_chunks_enlarged: 166.
num_purges: 0.
num_inconsistent_stats: 0.

CodeHeap 'non-profiled nmethods': size=120000Kb used=486Kb max_used=486Kb free=119514Kb
 bounds [0x0000015b28d10000, 0x0000015b28f80000, 0x0000015b30240000]
CodeHeap 'profiled nmethods': size=120000Kb used=2237Kb max_used=2237Kb free=117763Kb
 bounds [0x0000015b21240000, 0x0000015b214b0000, 0x0000015b28770000]
CodeHeap 'non-nmethods': size=5760Kb used=1178Kb max_used=1179Kb free=4581Kb
 bounds [0x0000015b28770000, 0x0000015b289e0000, 0x0000015b28d10000]
 total_blobs=1685 nmethods=1225 adapters=371
 compilation: enabled
              stopped_count=0, restarted_count=0
 full_count=0

Compilation events (20 events):
Event: 6.090 Thread 0x0000015b38421b30 nmethod 1200 0x0000015b21460610 code [0x0000015b214607c0, 0x0000015b21460a88]
Event: 6.090 Thread 0x0000015b38421b30 1196       1       java.io.ObjectInputStream$PeekInputStream::getBytesRead (5 bytes)
Event: 6.090 Thread 0x0000015b38421b30 nmethod 1196 0x0000015b28d87410 code [0x0000015b28d875a0, 0x0000015b28d87678]
Event: 6.090 Thread 0x0000015b38421b30 1197       1       jdk.internal.event.DeserializationEvent::shouldCommit (2 bytes)
Event: 6.090 Thread 0x0000015b38421b30 nmethod 1197 0x0000015b28d87710 code [0x0000015b28d878a0, 0x0000015b28d87978]
Event: 6.090 Thread 0x0000015b38421b30 1202   !   3       java.io.ObjectInputStream$BlockDataInputStream::readUTFSpan (502 bytes)
Event: 6.091 Thread 0x0000015b38421b30 nmethod 1202 0x0000015b21460b90 code [0x0000015b21460e20, 0x0000015b21461be8]
Event: 6.091 Thread 0x0000015b38421b30 1203       3       java.lang.AbstractStringBuilder::appendChars (130 bytes)
Event: 6.092 Thread 0x0000015b38421b30 nmethod 1203 0x0000015b21462590 code [0x0000015b21462780, 0x0000015b21462d28]
Event: 6.092 Thread 0x0000015b38421b30 1205       3       java.io.ObjectStreamClass::getField (84 bytes)
Event: 6.093 Thread 0x0000015b38421b30 nmethod 1205 0x0000015b21462f90 code [0x0000015b21463200, 0x0000015b21463bd8]
Event: 6.093 Thread 0x0000015b38421b30 1201       3       java.io.ObjectInputStream$BlockDataInputStream::peek (55 bytes)
Event: 6.093 Thread 0x0000015b38421b30 nmethod 1201 0x0000015b21463f90 code [0x0000015b21464160, 0x0000015b21464438]
Event: 6.093 Thread 0x0000015b38421b30 1207       3       java.io.ObjectInputStream$FieldValues::getFieldOffset (72 bytes)
Event: 6.094 Thread 0x0000015b38421b30 nmethod 1207 0x0000015b21464590 code [0x0000015b21464880, 0x0000015b214654b8]
Event: 6.094 Thread 0x0000015b38421b30 1204       3       java.io.ObjectStreamField::getTypeCode (9 bytes)
Event: 6.095 Thread 0x0000015b38421b30 nmethod 1204 0x0000015b21465a10 code [0x0000015b21465c20, 0x0000015b214661a8]
Event: 6.095 Thread 0x0000015b38421b30 1209       3       java.io.ObjectInputStream$FieldValues::get (67 bytes)
Event: 6.095 Thread 0x0000015b38421b30 nmethod 1209 0x0000015b21466410 code [0x0000015b21466620, 0x0000015b21466b78]
Event: 6.095 Thread 0x0000015b38421b30 1210   !   3       java.io.ObjectInputStream::readObject0 (681 bytes)

GC Heap History (4 events):
Event: 1.196 GC heap before
{Heap before GC invocations=0 (full 0):
 garbage-first heap   total 129024K, used 16384K [0x0000000082000000, 0x0000000100000000)
  region size 1024K, 13 young (13312K), 0 survivors (0K)
 Metaspace       used 8661K, committed 8832K, reserved 1056768K
  class space    used 776K, committed 896K, reserved 1048576K
}
Event: 1.201 GC heap after
{Heap after GC invocations=1 (full 0):
 garbage-first heap   total 129024K, used 3413K [0x0000000082000000, 0x0000000100000000)
  region size 1024K, 2 young (2048K), 2 survivors (2048K)
 Metaspace       used 8661K, committed 8832K, reserved 1056768K
  class space    used 776K, committed 896K, reserved 1048576K
}
Event: 2.155 GC heap before
{Heap before GC invocations=1 (full 0):
 garbage-first heap   total 129024K, used 21845K [0x0000000082000000, 0x0000000100000000)
  region size 1024K, 18 young (18432K), 2 survivors (2048K)
 Metaspace       used 13490K, committed 13696K, reserved 1064960K
  class space    used 1543K, committed 1664K, reserved 1048576K
}
Event: 2.161 GC heap after
{Heap after GC invocations=2 (full 0):
 garbage-first heap   total 129024K, used 9569K [0x0000000082000000, 0x0000000100000000)
  region size 1024K, 3 young (3072K), 3 survivors (3072K)
 Metaspace       used 13490K, committed 13696K, reserved 1064960K
  class space    used 1543K, committed 1664K, reserved 1048576K
}

Dll operation events (2 events):
Event: 0.028 Loaded shared library C:\Program Files\Android\Android Studio\jbr\bin\java.dll
Event: 0.497 Loaded shared library C:\Program Files\Android\Android Studio\jbr\bin\verify.dll

Deoptimization events (20 events):
Event: 2.150 Thread 0x0000015b1c56b370 DEOPT PACKING pc=0x0000015b28d6f220 sp=0x0000002ac2afa120
Event: 2.150 Thread 0x0000015b1c56b370 DEOPT UNPACKING pc=0x0000015b287c69a3 sp=0x0000002ac2afa0c0 mode 2
Event: 2.183 Thread 0x0000015b1c56b370 DEOPT PACKING pc=0x0000015b2131ce38 sp=0x0000002ac2af9df0
Event: 2.183 Thread 0x0000015b1c56b370 DEOPT UNPACKING pc=0x0000015b287c7143 sp=0x0000002ac2af9308 mode 0
Event: 2.234 Thread 0x0000015b1c56b370 Uncommon trap: trap_request=0xffffffc6 fr.pc=0x0000015b28d6f220 relative=0x00000000000005c0
Event: 2.234 Thread 0x0000015b1c56b370 Uncommon trap: reason=bimorphic_or_optimized_type_check action=maybe_recompile pc=0x0000015b28d6f220 method=java.util.concurrent.ConcurrentHashMap.get(Ljava/lang/Object;)Ljava/lang/Object; @ 149 c2
Event: 2.234 Thread 0x0000015b1c56b370 DEOPT PACKING pc=0x0000015b28d6f220 sp=0x0000002ac2afb560
Event: 2.234 Thread 0x0000015b1c56b370 DEOPT UNPACKING pc=0x0000015b287c69a3 sp=0x0000002ac2afb500 mode 2
Event: 2.278 Thread 0x0000015b1c56b370 Uncommon trap: trap_request=0xffffff45 fr.pc=0x0000015b28d66f5c relative=0x0000000000001d1c
Event: 2.278 Thread 0x0000015b1c56b370 Uncommon trap: reason=unstable_if action=reinterpret pc=0x0000015b28d66f5c method=java.io.WinNTFileSystem.normalize(Ljava/lang/String;)Ljava/lang/String; @ 128 c2
Event: 2.278 Thread 0x0000015b1c56b370 DEOPT PACKING pc=0x0000015b28d66f5c sp=0x0000002ac2afb570
Event: 2.278 Thread 0x0000015b1c56b370 DEOPT UNPACKING pc=0x0000015b287c69a3 sp=0x0000002ac2afb558 mode 2
Event: 2.637 Thread 0x0000015b1c56b370 Uncommon trap: trap_request=0xffffff45 fr.pc=0x0000015b28d475a4 relative=0x0000000000000664
Event: 2.637 Thread 0x0000015b1c56b370 Uncommon trap: reason=unstable_if action=reinterpret pc=0x0000015b28d475a4 method=java.lang.AbstractStringBuilder.append(Ljava/lang/String;)Ljava/lang/AbstractStringBuilder; @ 1 c2
Event: 2.637 Thread 0x0000015b1c56b370 DEOPT PACKING pc=0x0000015b28d475a4 sp=0x0000002ac2afc2e0
Event: 2.637 Thread 0x0000015b1c56b370 DEOPT UNPACKING pc=0x0000015b287c69a3 sp=0x0000002ac2afc260 mode 2
Event: 2.637 Thread 0x0000015b1c56b370 Uncommon trap: trap_request=0xffffff45 fr.pc=0x0000015b28d48224 relative=0x0000000000000664
Event: 2.637 Thread 0x0000015b1c56b370 Uncommon trap: reason=unstable_if action=reinterpret pc=0x0000015b28d48224 method=java.lang.AbstractStringBuilder.append(Ljava/lang/String;)Ljava/lang/AbstractStringBuilder; @ 1 c2
Event: 2.637 Thread 0x0000015b1c56b370 DEOPT PACKING pc=0x0000015b28d48224 sp=0x0000002ac2afc280
Event: 2.637 Thread 0x0000015b1c56b370 DEOPT UNPACKING pc=0x0000015b287c69a3 sp=0x0000002ac2afc268 mode 2

Classes unloaded (0 events):
No events

Classes redefined (0 events):
No events

Internal exceptions (20 events):
Event: 1.682 Thread 0x0000015b1c56b370 Exception <a 'java/lang/NoSuchMethodError'{0x0000000089545688}: 'java.lang.Object java.lang.invoke.DirectMethodHandle$Holder.invokeVirtual(java.lang.Object, java.lang.Object, java.lang.Object, java.lang.Object, java.lang.Object, java.lang.Object, java.lang.Object)'> (0x0000000089545688) 
thrown [s\src\hotspot\share\interpreter\linkResolver.cpp, line 771]
Event: 1.686 Thread 0x0000015b1c56b370 Exception <a 'java/lang/NoSuchMethodError'{0x0000000089558550}: 'java.lang.Object java.lang.invoke.Invokers$Holder.invoker(java.lang.Object, java.lang.Object, java.lang.Object)'> (0x0000000089558550) 
thrown [s\src\hotspot\share\interpreter\linkResolver.cpp, line 771]
Event: 1.691 Thread 0x0000015b1c56b370 Exception <a 'java/lang/NoSuchMethodError'{0x0000000089561680}: 'java.lang.Object java.lang.invoke.DirectMethodHandle$Holder.invokeStatic(java.lang.Object, java.lang.Object, int)'> (0x0000000089561680) 
thrown [s\src\hotspot\share\interpreter\linkResolver.cpp, line 771]
Event: 1.699 Thread 0x0000015b1c56b370 Exception <a 'java/lang/NoSuchMethodError'{0x000000008956d370}: 'void java.lang.invoke.DelegatingMethodHandle$Holder.delegate(java.lang.Object, java.lang.Object, int, java.lang.Object)'> (0x000000008956d370) 
thrown [s\src\hotspot\share\interpreter\linkResolver.cpp, line 771]
Event: 1.701 Thread 0x0000015b1c56b370 Exception <a 'java/lang/NoSuchMethodError'{0x00000000895714b8}: 'int java.lang.invoke.DirectMethodHandle$Holder.invokeSpecial(java.lang.Object, java.lang.Object, java.lang.Object)'> (0x00000000895714b8) 
thrown [s\src\hotspot\share\interpreter\linkResolver.cpp, line 771]
Event: 1.706 Thread 0x0000015b1c56b370 Exception <a 'java/lang/NoSuchMethodError'{0x0000000089584670}: 'java.lang.Object java.lang.invoke.Invokers$Holder.invokeExact_MT(java.lang.Object, java.lang.Object, java.lang.Object, java.lang.Object)'> (0x0000000089584670) 
thrown [s\src\hotspot\share\interpreter\linkResolver.cpp, line 771]
Event: 1.916 Thread 0x0000015b1c56b370 Exception <a 'java/lang/NoSuchMethodError'{0x0000000089164688}: 'java.lang.Object java.lang.invoke.DirectMethodHandle$Holder.invokeInterface(java.lang.Object, java.lang.Object, java.lang.Object)'> (0x0000000089164688) 
thrown [s\src\hotspot\share\interpreter\linkResolver.cpp, line 771]
Event: 1.946 Thread 0x0000015b1c56b370 Implicit null exception at 0x0000015b28d59831 to 0x0000015b28d59cb4
Event: 1.947 Thread 0x0000015b1c56b370 Implicit null exception at 0x0000015b28d4d52c to 0x0000015b28d4d984
Event: 2.005 Thread 0x0000015b1c56b370 Exception <a 'java/lang/NoSuchMethodError'{0x0000000088d1b7d0}: 'java.lang.Object java.lang.invoke.DirectMethodHandle$Holder.invokeStaticInit(java.lang.Object)'> (0x0000000088d1b7d0) 
thrown [s\src\hotspot\share\interpreter\linkResolver.cpp, line 771]
Event: 2.222 Thread 0x0000015b1c56b370 Exception <a 'java/lang/NoSuchMethodError'{0x0000000089b30138}: 'java.lang.Object java.lang.invoke.DirectMethodHandle$Holder.invokeStaticInit(java.lang.Object, int, int, int, int)'> (0x0000000089b30138) 
thrown [s\src\hotspot\share\interpreter\linkResolver.cpp, line 771]
Event: 2.289 Thread 0x0000015b1c56b370 Exception <a 'java/lang/NoSuchMethodError'{0x0000000089b61168}: 'java.lang.Object java.lang.invoke.DirectMethodHandle$Holder.invokeStaticInit(java.lang.Object, java.lang.Object, int, int, int, int)'> (0x0000000089b61168) 
thrown [s\src\hotspot\share\interpreter\linkResolver.cpp, line 771]
Event: 2.611 Thread 0x0000015b1c56b370 Exception <a 'java/lang/NoSuchMethodError'{0x0000000089b8e1b0}: 'void java.lang.invoke.DirectMethodHandle$Holder.invokeStatic(java.lang.Object, java.lang.Object, java.lang.Object)'> (0x0000000089b8e1b0) 
thrown [s\src\hotspot\share\interpreter\linkResolver.cpp, line 771]
Event: 2.637 Thread 0x0000015b1c56b370 Implicit null exception at 0x0000015b28d46f72 to 0x0000015b28d4758c
Event: 2.637 Thread 0x0000015b1c56b370 Implicit null exception at 0x0000015b28d47bf2 to 0x0000015b28d4820c
Event: 6.072 Thread 0x0000015b1c56b370 Exception <a 'java/lang/NoSuchMethodError'{0x000000008970f578}: static Lorg/gradle/tooling/internal/provider/serialization/ClassLoaderDetails;.<clinit>()V> (0x000000008970f578) 
thrown [s\src\hotspot\share\prims\jni.cpp, line 1108]
Event: 6.076 Thread 0x0000015b1c56b370 Exception <a 'java/lang/NoSuchMethodError'{0x0000000089729b78}: static Lorg/gradle/internal/classloader/ClassLoaderSpec;.<clinit>()V> (0x0000000089729b78) 
thrown [s\src\hotspot\share\prims\jni.cpp, line 1108]
Event: 6.077 Thread 0x0000015b1c56b370 Exception <a 'java/lang/NoSuchMethodError'{0x0000000089734cf0}: static Lorg/gradle/tooling/internal/provider/serialization/WellKnownClassLoaderRegistry$KnownClassLoaderSpec;.<clinit>()V> (0x0000000089734cf0) 
thrown [s\src\hotspot\share\prims\jni.cpp, line 1108]
Event: 6.079 Thread 0x0000015b1c56b370 Exception <a 'java/lang/NoSuchMethodError'{0x000000008974ebb0}: static Lorg/gradle/internal/classloader/ClassLoaderSpec;.<clinit>()V> (0x000000008974ebb0) 
thrown [s\src\hotspot\share\prims\jni.cpp, line 1108]
Event: 6.081 Thread 0x0000015b1c56b370 Exception <a 'java/lang/NoSuchMethodError'{0x0000000089760158}: static Lorg/gradle/internal/classloader/VisitableURLClassLoader$Spec;.<clinit>()V> (0x0000000089760158) 
thrown [s\src\hotspot\share\prims\jni.cpp, line 1108]

VM Operations (16 events):
Event: 0.485 Executing VM operation: HandshakeAllThreads
Event: 0.485 Executing VM operation: HandshakeAllThreads done
Event: 1.195 Executing VM operation: G1CollectForAllocation
Event: 1.202 Executing VM operation: G1CollectForAllocation done
Event: 1.389 Executing VM operation: HandshakeAllThreads
Event: 1.389 Executing VM operation: HandshakeAllThreads done
Event: 1.690 Executing VM operation: HandshakeAllThreads
Event: 1.690 Executing VM operation: HandshakeAllThreads done
Event: 2.155 Executing VM operation: G1CollectForAllocation
Event: 2.161 Executing VM operation: G1CollectForAllocation done
Event: 2.245 Executing VM operation: HandshakeAllThreads
Event: 2.245 Executing VM operation: HandshakeAllThreads done
Event: 2.280 Executing VM operation: HandshakeAllThreads
Event: 2.280 Executing VM operation: HandshakeAllThreads done
Event: 3.285 Executing VM operation: Cleanup
Event: 3.285 Executing VM operation: Cleanup done

Events (20 events):
Event: 6.071 loading class java/io/ObjectStreamClass$1
Event: 6.072 loading class java/io/ObjectStreamClass$1 done
Event: 6.072 loading class java/io/DataOutputStream
Event: 6.072 loading class java/io/DataOutputStream done
Event: 6.072 loading class java/io/ObjectStreamClass$MemberSignature
Event: 6.072 loading class java/io/ObjectStreamClass$MemberSignature done
Event: 6.072 loading class java/io/ObjectStreamClass$3
Event: 6.072 loading class java/io/ObjectStreamClass$3 done
Event: 6.072 loading class java/io/ObjectStreamClass$4
Event: 6.072 loading class java/io/ObjectStreamClass$4 done
Event: 6.072 loading class java/io/ObjectStreamClass$5
Event: 6.072 loading class java/io/ObjectStreamClass$5 done
Event: 6.073 loading class java/util/function/UnaryOperator
Event: 6.073 loading class java/util/function/UnaryOperator done
Event: 6.082 loading class java/net/UrlDeserializedState
Event: 6.082 loading class java/net/UrlDeserializedState done
Event: 6.082 loading class jdk/internal/reflect/UnsafeQualifiedStaticObjectFieldAccessorImpl
Event: 6.083 loading class jdk/internal/reflect/UnsafeQualifiedStaticObjectFieldAccessorImpl done
Event: 6.083 loading class java/net/Proxy
Event: 6.083 loading class java/net/Proxy done


Dynamic libraries:
0x00007ff606990000 - 0x00007ff60699a000 	C:\Program Files\Android\Android Studio\jbr\bin\java.exe
0x00007fff83510000 - 0x00007fff83708000 	C:\WINDOWS\SYSTEM32\ntdll.dll
0x00007fff83300000 - 0x00007fff833bd000 	C:\WINDOWS\System32\KERNEL32.DLL
0x00007fff81060000 - 0x00007fff81356000 	C:\WINDOWS\System32\KERNELBASE.dll
0x00007fff80ec0000 - 0x00007fff80fc0000 	C:\WINDOWS\System32\ucrtbase.dll
0x00007fff6aee0000 - 0x00007fff6aef7000 	C:\Program Files\Android\Android Studio\jbr\bin\jli.dll
0x00007fff664b0000 - 0x00007fff664cb000 	C:\Program Files\Android\Android Studio\jbr\bin\VCRUNTIME140.dll
0x00007fff81570000 - 0x00007fff8170e000 	C:\WINDOWS\System32\USER32.dll
0x00007fff81360000 - 0x00007fff81382000 	C:\WINDOWS\System32\win32u.dll
0x00007fff69f80000 - 0x00007fff6a21a000 	C:\WINDOWS\WinSxS\amd64_microsoft.windows.common-controls_6595b64144ccf1df_6.0.19041.3636_none_60b6a03d71f818d5\COMCTL32.dll
0x00007fff82770000 - 0x00007fff8280e000 	C:\WINDOWS\System32\msvcrt.dll
0x00007fff82680000 - 0x00007fff826ac000 	C:\WINDOWS\System32\GDI32.dll
0x00007fff80da0000 - 0x00007fff80eba000 	C:\WINDOWS\System32\gdi32full.dll
0x00007fff80fc0000 - 0x00007fff8105d000 	C:\WINDOWS\System32\msvcp_win.dll
0x00007fff81ba0000 - 0x00007fff81bd0000 	C:\WINDOWS\System32\IMM32.DLL
0x00007fff686b0000 - 0x00007fff686bc000 	C:\Program Files\Android\Android Studio\jbr\bin\vcruntime140_1.dll
0x00007fff49780000 - 0x00007fff4980d000 	C:\Program Files\Android\Android Studio\jbr\bin\msvcp140.dll
0x00007ffefb720000 - 0x00007ffefc38e000 	C:\Program Files\Android\Android Studio\jbr\bin\server\jvm.dll
0x00007fff81c80000 - 0x00007fff81d2f000 	C:\WINDOWS\System32\ADVAPI32.dll
0x00007fff82ab0000 - 0x00007fff82b4c000 	C:\WINDOWS\System32\sechost.dll
0x00007fff82820000 - 0x00007fff82946000 	C:\WINDOWS\System32\RPCRT4.dll
0x00007fff699d0000 - 0x00007fff699f7000 	C:\WINDOWS\SYSTEM32\WINMM.dll
0x00007fff7cb40000 - 0x00007fff7cb49000 	C:\WINDOWS\SYSTEM32\WSOCK32.dll
0x00007fff79200000 - 0x00007fff7920a000 	C:\WINDOWS\SYSTEM32\VERSION.dll
0x00007fff829e0000 - 0x00007fff82a4b000 	C:\WINDOWS\System32\WS2_32.dll
0x00007fff7ea90000 - 0x00007fff7eaa2000 	C:\WINDOWS\SYSTEM32\kernel.appcore.dll
0x00007fff7a270000 - 0x00007fff7a27a000 	C:\Program Files\Android\Android Studio\jbr\bin\jimage.dll
0x00007fff78530000 - 0x00007fff78714000 	C:\WINDOWS\SYSTEM32\DBGHELP.DLL
0x00007fff78460000 - 0x00007fff78494000 	C:\WINDOWS\SYSTEM32\dbgcore.DLL
0x00007fff81390000 - 0x00007fff81412000 	C:\WINDOWS\System32\bcryptPrimitives.dll
0x00007fff78740000 - 0x00007fff78765000 	C:\Program Files\Android\Android Studio\jbr\bin\java.dll
0x00007fff78720000 - 0x00007fff78738000 	C:\Program Files\Android\Android Studio\jbr\bin\zip.dll
0x00007fff81d40000 - 0x00007fff82484000 	C:\WINDOWS\System32\SHELL32.dll
0x00007fff7ec90000 - 0x00007fff7f42b000 	C:\WINDOWS\SYSTEM32\windows.storage.dll
0x00007fff82d00000 - 0x00007fff83054000 	C:\WINDOWS\System32\combase.dll
0x00007fff805c0000 - 0x00007fff805ed000 	C:\WINDOWS\SYSTEM32\Wldp.dll
0x00007fff81bd0000 - 0x00007fff81c7d000 	C:\WINDOWS\System32\SHCORE.dll
0x00007fff826b0000 - 0x00007fff82705000 	C:\WINDOWS\System32\shlwapi.dll
0x00007fff80b20000 - 0x00007fff80b45000 	C:\WINDOWS\SYSTEM32\profapi.dll
0x00007fff779d0000 - 0x00007fff779e9000 	C:\Program Files\Android\Android Studio\jbr\bin\net.dll
0x00007fff788e0000 - 0x00007fff789ea000 	C:\WINDOWS\SYSTEM32\WINHTTP.dll
0x00007fff80320000 - 0x00007fff8038a000 	C:\WINDOWS\system32\mswsock.dll
0x00007fff75e10000 - 0x00007fff75e26000 	C:\Program Files\Android\Android Studio\jbr\bin\nio.dll
0x00007fff799a0000 - 0x00007fff799b0000 	C:\Program Files\Android\Android Studio\jbr\bin\verify.dll
0x00007fff664d0000 - 0x00007fff664f7000 	C:\Users\aldas\.gradle\native\e1d6ef7f7dcc3fd88c89a11ec53ec762bb8ba0a96d01ffa2cd45eb1d1d8dd5c5\windows-amd64\native-platform.dll
0x00007fff779c0000 - 0x00007fff779c9000 	C:\Program Files\Android\Android Studio\jbr\bin\management.dll
0x00007fff76290000 - 0x00007fff7629b000 	C:\Program Files\Android\Android Studio\jbr\bin\management_ext.dll
0x00007fff82810000 - 0x00007fff82818000 	C:\WINDOWS\System32\PSAPI.DLL
0x00007fff80520000 - 0x00007fff80538000 	C:\WINDOWS\SYSTEM32\CRYPTSP.dll
0x00007fff7fbf0000 - 0x00007fff7fc24000 	C:\WINDOWS\system32\rsaenh.dll
0x00007fff81540000 - 0x00007fff81567000 	C:\WINDOWS\System32\bcrypt.dll
0x00007fff80aa0000 - 0x00007fff80ace000 	C:\WINDOWS\SYSTEM32\USERENV.dll
0x00007fff80510000 - 0x00007fff8051c000 	C:\WINDOWS\SYSTEM32\CRYPTBASE.dll
0x00007fff7ffb0000 - 0x00007fff7ffeb000 	C:\WINDOWS\SYSTEM32\IPHLPAPI.DLL
0x00007fff83060000 - 0x00007fff83068000 	C:\WINDOWS\System32\NSI.dll
0x00007fff790f0000 - 0x00007fff79107000 	C:\WINDOWS\SYSTEM32\dhcpcsvc6.DLL
0x00007fff79630000 - 0x00007fff7964d000 	C:\WINDOWS\SYSTEM32\dhcpcsvc.DLL
0x00007fff7fff0000 - 0x00007fff800ba000 	C:\WINDOWS\SYSTEM32\DNSAPI.dll
0x00007fff6c900000 - 0x00007fff6c907000 	C:\WINDOWS\system32\wshunix.dll

dbghelp: loaded successfully - version: 4.0.5 - missing functions: none
symbol engine: initialized successfully - sym options: 0x614 - pdb path: .;C:\Program Files\Android\Android Studio\jbr\bin;C:\WINDOWS\SYSTEM32;C:\WINDOWS\WinSxS\amd64_microsoft.windows.common-controls_6595b64144ccf1df_6.0.19041.3636_none_60b6a03d71f818d5;C:\Program Files\Android\Android Studio\jbr\bin\server;C:\Users\aldas\.gradle\native\e1d6ef7f7dcc3fd88c89a11ec53ec762bb8ba0a96d01ffa2cd45eb1d1d8dd5c5\windows-amd64

VM Arguments:
jvm_args: -Dorg.gradle.appname=gradlew 
java_command: org.gradle.wrapper.GradleWrapperMain -q -Ptarget-platform=android-arm -Ptarget=C:\Users\aldas\myProjects\essential_control\lib\main.dart -Pbase-application-name=android.app.Application -Pdart-defines=RkxVVFRFUl9XRUJfQVVUT19ERVRFQ1Q9dHJ1ZQ==,RkxVVFRFUl9XRUJfQ0FOVkFTS0lUX1VSTD1odHRwczovL3d3dy5nc3RhdGljLmNvbS9mbHV0dGVyLWNhbnZhc2tpdC9iZDk4NmM1ZWQyMGE2MmRjMzRiNzcxOGM1MGFiYzc4MmJlYWU0YzMzLw== -Pdart-obfuscation=false -Ptrack-widget-creation=true -Ptree-shake-icons=false -Pfilesystem-scheme=org-dartlang-root assembleDebug
java_class_path (initial): C:\Users\aldas\myProjects\essential_control\android\\gradle\wrapper\gradle-wrapper.jar
Launcher Type: SUN_STANDARD

[Global flags]
     intx CICompilerCount                          = 3                                         {product} {ergonomic}
     uint ConcGCThreads                            = 1                                         {product} {ergonomic}
     uint G1ConcRefinementThreads                  = 4                                         {product} {ergonomic}
   size_t G1HeapRegionSize                         = 1048576                                   {product} {ergonomic}
    uintx GCDrainStackTargetSize                   = 64                                        {product} {ergonomic}
   size_t InitialHeapSize                          = 132120576                                 {product} {ergonomic}
   size_t MarkStackSize                            = 4194304                                   {product} {ergonomic}
   size_t MaxHeapSize                              = 2113929216                                {product} {ergonomic}
   size_t MaxNewSize                               = 1267728384                                {product} {ergonomic}
   size_t MinHeapDeltaBytes                        = 1048576                                   {product} {ergonomic}
   size_t MinHeapSize                              = 8388608                                   {product} {ergonomic}
    uintx NonNMethodCodeHeapSize                   = 5832780                                {pd product} {ergonomic}
    uintx NonProfiledCodeHeapSize                  = 122912730                              {pd product} {ergonomic}
    uintx ProfiledCodeHeapSize                     = 122912730                              {pd product} {ergonomic}
    uintx ReservedCodeCacheSize                    = 251658240                              {pd product} {ergonomic}
     bool SegmentedCodeCache                       = true                                      {product} {ergonomic}
   size_t SoftMaxHeapSize                          = 2113929216                             {manageable} {ergonomic}
     bool UseCompressedClassPointers               = true                           {product lp64_product} {ergonomic}
     bool UseCompressedOops                        = true                           {product lp64_product} {ergonomic}
     bool UseG1GC                                  = true                                      {product} {ergonomic}
     bool UseLargePagesIndividualAllocation        = false                                  {pd product} {ergonomic}

Logging:
Log output configuration:
 #0: stdout all=warning uptime,level,tags
 #1: stderr all=off uptime,level,tags

Environment Variables:
JAVA_HOME=C:\Program Files\Android\Android Studio\jbr
CLASSPATH=C:\Users\aldas\myProjects\essential_control\android\\gradle\wrapper\gradle-wrapper.jar
PATH=C:\Program Files\Android\Android Studio\jbr\bin;C:\WINDOWS\system32;C:\WINDOWS;C:\WINDOWS\System32\Wbem;C:\WINDOWS\System32\WindowsPowerShell\v1.0\;C:\WINDOWS\System32\OpenSSH\;C:\Program Files (x86)\Git\cmd;C:\flutter\bin\;C:\Program Files\Microsoft SQL Server\150\Tools\Binn\;C:\Program Files (x86)\Windows Kits\10\Windows Performance Toolkit\;C:\src\tools;C:\Users\aldas\scoop\apps\gcc\current\bin;C:\Users\aldas\scoop\shims;C:\Users\aldas\AppData\Local\Microsoft\WindowsApps;C:\Users\aldas\AppData\Local\Microsoft\WinGet\Links;C:\flutter\bin\;C:\Users\aldas\AppData\Local\Programs\Microsoft VS Code\bin;C:\Users\aldas\AppData\Local\Programs\oh-my-posh\bin;C:\flutter\bin\mingit\cmd
USERNAME=aldas
OS=Windows_NT
PROCESSOR_IDENTIFIER=Intel64 Family 6 Model 78 Stepping 3, GenuineIntel
TMP=C:\Users\aldas\AppData\Local\Temp
TEMP=C:\Users\aldas\AppData\Local\Temp


JNI global refs:
JNI global refs: 19, weak refs: 0

JNI global refs memory usage: 843, weak refs: 209


---------------  S Y S T E M  ---------------

OS:
 Windows 10 , 64 bit Build 19041 (10.0.19041.3636)
OS uptime: 0 days 13:38 hours

CPU: total 4 (initial active 4) (2 cores per cpu, 2 threads per core) family 6 model 78 stepping 3 microcode 0xf0, cx8, cmov, fxsr, ht, mmx, 3dnowpref, sse, sse2, sse3, ssse3, sse4.1, sse4.2, popcnt, lzcnt, tsc, tscinvbit, avx, avx2, aes, erms, clmul, bmi1, bmi2, adx, fma, vzeroupper, clflush, clflushopt

Memory: 4k page, system-wide physical 8063M (449M free)
TotalPageFile size 12792M (AvailPageFile size 0M)
current process WorkingSet (physical memory assigned to process): 85M, peak: 88M
current process commit charge ("private bytes"): 216M, peak: 219M

vm_info: OpenJDK 64-Bit Server VM (17.0.6+0-b2043.56-10027231) for windows-amd64 JRE (17.0.6+0-b2043.56-10027231), built on Apr 28 2023 00:43:19 by "androidbuild" with MS VC++ 16.10 / 16.11 (VS2019)

END.
