#
# There is insufficient memory for the Java Runtime Environment to continue.
# Native memory allocation (malloc) failed to allocate 32744 bytes for ChunkPool::allocate
# Possible reasons:
#   The system is out of physical RAM or swap space
#   The process is running with CompressedOops enabled, and the Java Heap may be blocking the growth of the native heap
# Possible solutions:
#   Reduce memory load on the system
#   Increase physical memory or swap space
#   Check if swap backing store is full
#   Decrease Java heap size (-Xmx/-Xms)
#   Decrease number of Java threads
#   Decrease Java thread stack sizes (-Xss)
#   Set larger code cache with -XX:ReservedCodeCacheSize=
#   JVM is running with Unscaled Compressed Oops mode in which the Java heap is
#     placed in the first 4GB address space. The Java Heap base address is the
#     maximum limit for the native heap growth. Please use -XX:HeapBaseMinAddress
#     to set the Java Heap base and to place the Java Heap above 4GB virtual address.
# This output file may be truncated or incomplete.
#
#  Out of Memory Error (arena.cpp:78), pid=11000, tid=8128
#
# JRE version: OpenJDK Runtime Environment (17.0.6) (build 17.0.6+0-b2043.56-10027231)
# Java VM: OpenJDK 64-Bit Server VM (17.0.6+0-b2043.56-10027231, mixed mode, tiered, compressed oops, compressed class ptrs, g1 gc, windows-amd64)
# No core dump will be written. Minidumps are not enabled by default on client versions of Windows
#

---------------  S U M M A R Y ------------

Command Line: -Dorg.gradle.appname=gradlew org.gradle.wrapper.GradleWrapperMain -q -Ptarget-platform=android-arm -Ptarget=C:\Users\aldas\myProjects\essential_control\lib\main.dart -Pbase-application-name=android.app.Application -Pdart-defines=RkxVVFRFUl9XRUJfQVVUT19ERVRFQ1Q9dHJ1ZQ==,RkxVVFRFUl9XRUJfQ0FOVkFTS0lUX1VSTD1odHRwczovL3d3dy5nc3RhdGljLmNvbS9mbHV0dGVyLWNhbnZhc2tpdC9iZDk4NmM1ZWQyMGE2MmRjMzRiNzcxOGM1MGFiYzc4MmJlYWU0YzMzLw== -Pdart-obfuscation=false -Ptrack-widget-creation=true -Ptree-shake-icons=false -Pfilesystem-scheme=org-dartlang-root assembleDebug

Host: Intel(R) Core(TM) i7-6500U CPU @ 2.50GHz, 4 cores, 7G,  Windows 10 , 64 bit Build 19041 (10.0.19041.3636)
Time: Sun Dec  3 12:12:52 2023 Hora est. Pacífico, Sudamérica elapsed time: 7.230478 seconds (0d 0h 0m 7s)

---------------  T H R E A D  ---------------

Current thread (0x00000203ab55d2a0):  JavaThread "C1 CompilerThread0" daemon [_thread_in_native, id=8128, stack(0x000000a5a4600000,0x000000a5a4700000)]


Current CompileTask:
C1:   7230 1148       3       org.gradle.internal.logging.text.AbstractLineChoppingStyledTextOutput$1::execute (140 bytes)

Stack: [0x000000a5a4600000,0x000000a5a4700000]
Native frames: (J=compiled Java code, j=interpreted, Vv=VM code, C=native code)
V  [jvm.dll+0x683c9a]
V  [jvm.dll+0x8427a4]
V  [jvm.dll+0x843f9e]
V  [jvm.dll+0x844603]
V  [jvm.dll+0x249b75]
V  [jvm.dll+0xabecc]
V  [jvm.dll+0xac27c]
V  [jvm.dll+0x1842e7]
V  [jvm.dll+0x185440]
V  [jvm.dll+0x13562b]
V  [jvm.dll+0x1357f0]
V  [jvm.dll+0x135ab6]
V  [jvm.dll+0x134f4a]
V  [jvm.dll+0x136c11]
V  [jvm.dll+0x22b098]
V  [jvm.dll+0x229159]
V  [jvm.dll+0x7f81ec]
V  [jvm.dll+0x7f274a]
V  [jvm.dll+0x682ad5]
C  [ucrtbase.dll+0x21bb2]
C  [KERNEL32.DLL+0x17344]
C  [ntdll.dll+0x526b1]


---------------  P R O C E S S  ---------------

Threads class SMR info:
_java_thread_list=0x00000203acf49f70, length=15, elements={
0x00000203916da0f0, 0x00000203aab66950, 0x00000203aab674d0, 0x00000203aab86840,
0x00000203aab87710, 0x00000203aab87fd0, 0x00000203ab55c010, 0x00000203ab55c4e0,
0x00000203ab55d2a0, 0x00000203ab569280, 0x00000203ab6b6060, 0x00000203ab6c5430,
0x00000203abc34880, 0x00000203abc78670, 0x00000203ace0dd30
}

Java Threads: ( => current thread )
  0x00000203916da0f0 JavaThread "main" [_thread_in_native, id=3008, stack(0x000000a5a3800000,0x000000a5a3900000)]
  0x00000203aab66950 JavaThread "Reference Handler" daemon [_thread_blocked, id=12520, stack(0x000000a5a3f00000,0x000000a5a4000000)]
  0x00000203aab674d0 JavaThread "Finalizer" daemon [_thread_blocked, id=3228, stack(0x000000a5a4000000,0x000000a5a4100000)]
  0x00000203aab86840 JavaThread "Signal Dispatcher" daemon [_thread_blocked, id=11556, stack(0x000000a5a4100000,0x000000a5a4200000)]
  0x00000203aab87710 JavaThread "Attach Listener" daemon [_thread_blocked, id=9464, stack(0x000000a5a4200000,0x000000a5a4300000)]
  0x00000203aab87fd0 JavaThread "Service Thread" daemon [_thread_blocked, id=8984, stack(0x000000a5a4300000,0x000000a5a4400000)]
  0x00000203ab55c010 JavaThread "Monitor Deflation Thread" daemon [_thread_blocked, id=4244, stack(0x000000a5a4400000,0x000000a5a4500000)]
  0x00000203ab55c4e0 JavaThread "C2 CompilerThread0" daemon [_thread_blocked, id=13440, stack(0x000000a5a4500000,0x000000a5a4600000)]
=>0x00000203ab55d2a0 JavaThread "C1 CompilerThread0" daemon [_thread_in_native, id=8128, stack(0x000000a5a4600000,0x000000a5a4700000)]
  0x00000203ab569280 JavaThread "Sweeper thread" daemon [_thread_blocked, id=856, stack(0x000000a5a4700000,0x000000a5a4800000)]
  0x00000203ab6b6060 JavaThread "Notification Thread" daemon [_thread_blocked, id=7036, stack(0x000000a5a4800000,0x000000a5a4900000)]
  0x00000203ab6c5430 JavaThread "Common-Cleaner" daemon [_thread_blocked, id=3784, stack(0x000000a5a4a00000,0x000000a5a4b00000)]
  0x00000203abc34880 JavaThread "pool-1-thread-1" [_thread_blocked, id=10340, stack(0x000000a5a4f00000,0x000000a5a5000000)]
  0x00000203abc78670 JavaThread "DisconnectableInputStream source reader" daemon [_thread_in_native, id=13720, stack(0x000000a5a5000000,0x000000a5a5100000)]
  0x00000203ace0dd30 JavaThread "Forward input" [_thread_blocked, id=12648, stack(0x000000a5a5100000,0x000000a5a5200000)]

Other Threads:
  0x00000203aab5fe20 VMThread "VM Thread" [stack: 0x000000a5a3e00000,0x000000a5a3f00000] [id=6608]
  0x0000020391755eb0 WatcherThread [stack: 0x000000a5a4900000,0x000000a5a4a00000] [id=11268]
  0x00000203917387a0 GCTaskThread "GC Thread#0" [stack: 0x000000a5a3900000,0x000000a5a3a00000] [id=14212]
  0x00000203abcde030 GCTaskThread "GC Thread#1" [stack: 0x000000a5a4c00000,0x000000a5a4d00000] [id=12884]
  0x00000203ab985f20 GCTaskThread "GC Thread#2" [stack: 0x000000a5a4d00000,0x000000a5a4e00000] [id=10316]
  0x00000203abc369c0 GCTaskThread "GC Thread#3" [stack: 0x000000a5a4e00000,0x000000a5a4f00000] [id=9796]
  0x00000203917491f0 ConcurrentGCThread "G1 Main Marker" [stack: 0x000000a5a3a00000,0x000000a5a3b00000] [id=2076]
  0x000002039174a2b0 ConcurrentGCThread "G1 Conc#0" [stack: 0x000000a5a3b00000,0x000000a5a3c00000] [id=10632]
  0x00000203917a51f0 ConcurrentGCThread "G1 Refine#0" [stack: 0x000000a5a3c00000,0x000000a5a3d00000] [id=14180]
  0x00000203917a5a20 ConcurrentGCThread "G1 Service" [stack: 0x000000a5a3d00000,0x000000a5a3e00000] [id=11032]

Threads with active compile tasks:
C1 CompilerThread0     7495 1148       3       org.gradle.internal.logging.text.AbstractLineChoppingStyledTextOutput$1::execute (140 bytes)

VM state: not at safepoint (normal execution)

VM Mutex/Monitor currently owned by a thread: None

Heap address: 0x0000000082000000, size: 2016 MB, Compressed Oops mode: 32-bit

CDS archive(s) not mapped
Compressed class space mapped at: 0x0000000100000000-0x0000000140000000, reserved size: 1073741824
Narrow klass base: 0x0000000000000000, Narrow klass shift: 3, Narrow klass range: 0x140000000

GC Precious Log:
 CPUs: 4 total, 4 available
 Memory: 8063M
 Large Page Support: Disabled
 NUMA Support: Disabled
 Compressed Oops: Enabled (32-bit)
 Heap Region Size: 1M
 Heap Min Capacity: 8M
 Heap Initial Capacity: 126M
 Heap Max Capacity: 2016M
 Pre-touch: Disabled
 Parallel Workers: 4
 Concurrent Workers: 1
 Concurrent Refinement Workers: 4
 Periodic GC: Disabled

Heap:
 garbage-first heap   total 129024K, used 14713K [0x0000000082000000, 0x0000000100000000)
  region size 1024K, 9 young (9216K), 3 survivors (3072K)
 Metaspace       used 16027K, committed 16256K, reserved 1064960K
  class space    used 1875K, committed 1984K, reserved 1048576K

Heap Regions: E=young(eden), S=young(survivor), O=old, HS=humongous(starts), HC=humongous(continues), CS=collection set, F=free, OA=open archive, CA=closed archive, TAMS=top-at-mark-start (previous, next)
|   0|0x0000000082000000, 0x0000000082100000, 0x0000000082100000|100%|HS|  |TAMS 0x0000000082000000, 0x0000000082000000| Complete 
|   1|0x0000000082100000, 0x0000000082200000, 0x0000000082200000|100%|HC|  |TAMS 0x0000000082100000, 0x0000000082100000| Complete 
|   2|0x0000000082200000, 0x0000000082300000, 0x0000000082300000|100%|HC|  |TAMS 0x0000000082200000, 0x0000000082200000| Complete 
|   3|0x0000000082300000, 0x0000000082400000, 0x0000000082400000|100%| O|  |TAMS 0x0000000082300000, 0x0000000082300000| Untracked 
|   4|0x0000000082400000, 0x0000000082500000, 0x0000000082500000|100%| O|  |TAMS 0x0000000082400000, 0x0000000082400000| Untracked 
|   5|0x0000000082500000, 0x0000000082600000, 0x0000000082600000|100%| O|  |TAMS 0x0000000082500000, 0x0000000082500000| Untracked 
|   6|0x0000000082600000, 0x000000008265e400, 0x0000000082700000| 36%| O|  |TAMS 0x0000000082600000, 0x0000000082600000| Untracked 
|   7|0x0000000082700000, 0x0000000082700000, 0x0000000082800000|  0%| F|  |TAMS 0x0000000082700000, 0x0000000082700000| Untracked 
|   8|0x0000000082800000, 0x0000000082800000, 0x0000000082900000|  0%| F|  |TAMS 0x0000000082800000, 0x0000000082800000| Untracked 
|   9|0x0000000082900000, 0x0000000082900000, 0x0000000082a00000|  0%| F|  |TAMS 0x0000000082900000, 0x0000000082900000| Untracked 
|  10|0x0000000082a00000, 0x0000000082a00000, 0x0000000082b00000|  0%| F|  |TAMS 0x0000000082a00000, 0x0000000082a00000| Untracked 
|  11|0x0000000082b00000, 0x0000000082b00000, 0x0000000082c00000|  0%| F|  |TAMS 0x0000000082b00000, 0x0000000082b00000| Untracked 
|  12|0x0000000082c00000, 0x0000000082c00000, 0x0000000082d00000|  0%| F|  |TAMS 0x0000000082c00000, 0x0000000082c00000| Untracked 
|  13|0x0000000082d00000, 0x0000000082d00000, 0x0000000082e00000|  0%| F|  |TAMS 0x0000000082d00000, 0x0000000082d00000| Untracked 
|  14|0x0000000082e00000, 0x0000000082e00000, 0x0000000082f00000|  0%| F|  |TAMS 0x0000000082e00000, 0x0000000082e00000| Untracked 
|  15|0x0000000082f00000, 0x0000000082f00000, 0x0000000083000000|  0%| F|  |TAMS 0x0000000082f00000, 0x0000000082f00000| Untracked 
|  16|0x0000000083000000, 0x0000000083000000, 0x0000000083100000|  0%| F|  |TAMS 0x0000000083000000, 0x0000000083000000| Untracked 
|  17|0x0000000083100000, 0x0000000083100000, 0x0000000083200000|  0%| F|  |TAMS 0x0000000083100000, 0x0000000083100000| Untracked 
|  18|0x0000000083200000, 0x0000000083200000, 0x0000000083300000|  0%| F|  |TAMS 0x0000000083200000, 0x0000000083200000| Untracked 
|  19|0x0000000083300000, 0x0000000083300000, 0x0000000083400000|  0%| F|  |TAMS 0x0000000083300000, 0x0000000083300000| Untracked 
|  20|0x0000000083400000, 0x0000000083400000, 0x0000000083500000|  0%| F|  |TAMS 0x0000000083400000, 0x0000000083400000| Untracked 
|  21|0x0000000083500000, 0x0000000083500000, 0x0000000083600000|  0%| F|  |TAMS 0x0000000083500000, 0x0000000083500000| Untracked 
|  22|0x0000000083600000, 0x0000000083600000, 0x0000000083700000|  0%| F|  |TAMS 0x0000000083600000, 0x0000000083600000| Untracked 
|  23|0x0000000083700000, 0x0000000083700000, 0x0000000083800000|  0%| F|  |TAMS 0x0000000083700000, 0x0000000083700000| Untracked 
|  24|0x0000000083800000, 0x0000000083800000, 0x0000000083900000|  0%| F|  |TAMS 0x0000000083800000, 0x0000000083800000| Untracked 
|  25|0x0000000083900000, 0x0000000083900000, 0x0000000083a00000|  0%| F|  |TAMS 0x0000000083900000, 0x0000000083900000| Untracked 
|  26|0x0000000083a00000, 0x0000000083a00000, 0x0000000083b00000|  0%| F|  |TAMS 0x0000000083a00000, 0x0000000083a00000| Untracked 
|  27|0x0000000083b00000, 0x0000000083b00000, 0x0000000083c00000|  0%| F|  |TAMS 0x0000000083b00000, 0x0000000083b00000| Untracked 
|  28|0x0000000083c00000, 0x0000000083c00000, 0x0000000083d00000|  0%| F|  |TAMS 0x0000000083c00000, 0x0000000083c00000| Untracked 
|  29|0x0000000083d00000, 0x0000000083d00000, 0x0000000083e00000|  0%| F|  |TAMS 0x0000000083d00000, 0x0000000083d00000| Untracked 
|  30|0x0000000083e00000, 0x0000000083e00000, 0x0000000083f00000|  0%| F|  |TAMS 0x0000000083e00000, 0x0000000083e00000| Untracked 
|  31|0x0000000083f00000, 0x0000000083f00000, 0x0000000084000000|  0%| F|  |TAMS 0x0000000083f00000, 0x0000000083f00000| Untracked 
|  32|0x0000000084000000, 0x0000000084000000, 0x0000000084100000|  0%| F|  |TAMS 0x0000000084000000, 0x0000000084000000| Untracked 
|  33|0x0000000084100000, 0x0000000084100000, 0x0000000084200000|  0%| F|  |TAMS 0x0000000084100000, 0x0000000084100000| Untracked 
|  34|0x0000000084200000, 0x0000000084200000, 0x0000000084300000|  0%| F|  |TAMS 0x0000000084200000, 0x0000000084200000| Untracked 
|  35|0x0000000084300000, 0x0000000084300000, 0x0000000084400000|  0%| F|  |TAMS 0x0000000084300000, 0x0000000084300000| Untracked 
|  36|0x0000000084400000, 0x0000000084400000, 0x0000000084500000|  0%| F|  |TAMS 0x0000000084400000, 0x0000000084400000| Untracked 
|  37|0x0000000084500000, 0x0000000084500000, 0x0000000084600000|  0%| F|  |TAMS 0x0000000084500000, 0x0000000084500000| Untracked 
|  38|0x0000000084600000, 0x0000000084600000, 0x0000000084700000|  0%| F|  |TAMS 0x0000000084600000, 0x0000000084600000| Untracked 
|  39|0x0000000084700000, 0x0000000084700000, 0x0000000084800000|  0%| F|  |TAMS 0x0000000084700000, 0x0000000084700000| Untracked 
|  40|0x0000000084800000, 0x0000000084800000, 0x0000000084900000|  0%| F|  |TAMS 0x0000000084800000, 0x0000000084800000| Untracked 
|  41|0x0000000084900000, 0x0000000084900000, 0x0000000084a00000|  0%| F|  |TAMS 0x0000000084900000, 0x0000000084900000| Untracked 
|  42|0x0000000084a00000, 0x0000000084a00000, 0x0000000084b00000|  0%| F|  |TAMS 0x0000000084a00000, 0x0000000084a00000| Untracked 
|  43|0x0000000084b00000, 0x0000000084b00000, 0x0000000084c00000|  0%| F|  |TAMS 0x0000000084b00000, 0x0000000084b00000| Untracked 
|  44|0x0000000084c00000, 0x0000000084c00000, 0x0000000084d00000|  0%| F|  |TAMS 0x0000000084c00000, 0x0000000084c00000| Untracked 
|  45|0x0000000084d00000, 0x0000000084d00000, 0x0000000084e00000|  0%| F|  |TAMS 0x0000000084d00000, 0x0000000084d00000| Untracked 
|  46|0x0000000084e00000, 0x0000000084e00000, 0x0000000084f00000|  0%| F|  |TAMS 0x0000000084e00000, 0x0000000084e00000| Untracked 
|  47|0x0000000084f00000, 0x0000000084f00000, 0x0000000085000000|  0%| F|  |TAMS 0x0000000084f00000, 0x0000000084f00000| Untracked 
|  48|0x0000000085000000, 0x0000000085000000, 0x0000000085100000|  0%| F|  |TAMS 0x0000000085000000, 0x0000000085000000| Untracked 
|  49|0x0000000085100000, 0x0000000085100000, 0x0000000085200000|  0%| F|  |TAMS 0x0000000085100000, 0x0000000085100000| Untracked 
|  50|0x0000000085200000, 0x0000000085200000, 0x0000000085300000|  0%| F|  |TAMS 0x0000000085200000, 0x0000000085200000| Untracked 
|  51|0x0000000085300000, 0x0000000085300000, 0x0000000085400000|  0%| F|  |TAMS 0x0000000085300000, 0x0000000085300000| Untracked 
|  52|0x0000000085400000, 0x0000000085400000, 0x0000000085500000|  0%| F|  |TAMS 0x0000000085400000, 0x0000000085400000| Untracked 
|  53|0x0000000085500000, 0x0000000085500000, 0x0000000085600000|  0%| F|  |TAMS 0x0000000085500000, 0x0000000085500000| Untracked 
|  54|0x0000000085600000, 0x0000000085600000, 0x0000000085700000|  0%| F|  |TAMS 0x0000000085600000, 0x0000000085600000| Untracked 
|  55|0x0000000085700000, 0x0000000085700000, 0x0000000085800000|  0%| F|  |TAMS 0x0000000085700000, 0x0000000085700000| Untracked 
|  56|0x0000000085800000, 0x0000000085800000, 0x0000000085900000|  0%| F|  |TAMS 0x0000000085800000, 0x0000000085800000| Untracked 
|  57|0x0000000085900000, 0x0000000085900000, 0x0000000085a00000|  0%| F|  |TAMS 0x0000000085900000, 0x0000000085900000| Untracked 
|  58|0x0000000085a00000, 0x0000000085a00000, 0x0000000085b00000|  0%| F|  |TAMS 0x0000000085a00000, 0x0000000085a00000| Untracked 
|  59|0x0000000085b00000, 0x0000000085b00000, 0x0000000085c00000|  0%| F|  |TAMS 0x0000000085b00000, 0x0000000085b00000| Untracked 
|  60|0x0000000085c00000, 0x0000000085c00000, 0x0000000085d00000|  0%| F|  |TAMS 0x0000000085c00000, 0x0000000085c00000| Untracked 
|  61|0x0000000085d00000, 0x0000000085d00000, 0x0000000085e00000|  0%| F|  |TAMS 0x0000000085d00000, 0x0000000085d00000| Untracked 
|  62|0x0000000085e00000, 0x0000000085e00000, 0x0000000085f00000|  0%| F|  |TAMS 0x0000000085e00000, 0x0000000085e00000| Untracked 
|  63|0x0000000085f00000, 0x0000000085f00000, 0x0000000086000000|  0%| F|  |TAMS 0x0000000085f00000, 0x0000000085f00000| Untracked 
|  64|0x0000000086000000, 0x0000000086000000, 0x0000000086100000|  0%| F|  |TAMS 0x0000000086000000, 0x0000000086000000| Untracked 
|  65|0x0000000086100000, 0x0000000086100000, 0x0000000086200000|  0%| F|  |TAMS 0x0000000086100000, 0x0000000086100000| Untracked 
|  66|0x0000000086200000, 0x0000000086200000, 0x0000000086300000|  0%| F|  |TAMS 0x0000000086200000, 0x0000000086200000| Untracked 
|  67|0x0000000086300000, 0x0000000086300000, 0x0000000086400000|  0%| F|  |TAMS 0x0000000086300000, 0x0000000086300000| Untracked 
|  68|0x0000000086400000, 0x0000000086400000, 0x0000000086500000|  0%| F|  |TAMS 0x0000000086400000, 0x0000000086400000| Untracked 
|  69|0x0000000086500000, 0x0000000086500000, 0x0000000086600000|  0%| F|  |TAMS 0x0000000086500000, 0x0000000086500000| Untracked 
|  70|0x0000000086600000, 0x0000000086600000, 0x0000000086700000|  0%| F|  |TAMS 0x0000000086600000, 0x0000000086600000| Untracked 
|  71|0x0000000086700000, 0x0000000086700000, 0x0000000086800000|  0%| F|  |TAMS 0x0000000086700000, 0x0000000086700000| Untracked 
|  72|0x0000000086800000, 0x0000000086800000, 0x0000000086900000|  0%| F|  |TAMS 0x0000000086800000, 0x0000000086800000| Untracked 
|  73|0x0000000086900000, 0x0000000086900000, 0x0000000086a00000|  0%| F|  |TAMS 0x0000000086900000, 0x0000000086900000| Untracked 
|  74|0x0000000086a00000, 0x0000000086a00000, 0x0000000086b00000|  0%| F|  |TAMS 0x0000000086a00000, 0x0000000086a00000| Untracked 
|  75|0x0000000086b00000, 0x0000000086b00000, 0x0000000086c00000|  0%| F|  |TAMS 0x0000000086b00000, 0x0000000086b00000| Untracked 
|  76|0x0000000086c00000, 0x0000000086c00000, 0x0000000086d00000|  0%| F|  |TAMS 0x0000000086c00000, 0x0000000086c00000| Untracked 
|  77|0x0000000086d00000, 0x0000000086d00000, 0x0000000086e00000|  0%| F|  |TAMS 0x0000000086d00000, 0x0000000086d00000| Untracked 
|  78|0x0000000086e00000, 0x0000000086e00000, 0x0000000086f00000|  0%| F|  |TAMS 0x0000000086e00000, 0x0000000086e00000| Untracked 
|  79|0x0000000086f00000, 0x0000000086f00000, 0x0000000087000000|  0%| F|  |TAMS 0x0000000086f00000, 0x0000000086f00000| Untracked 
|  80|0x0000000087000000, 0x0000000087000000, 0x0000000087100000|  0%| F|  |TAMS 0x0000000087000000, 0x0000000087000000| Untracked 
|  81|0x0000000087100000, 0x0000000087100000, 0x0000000087200000|  0%| F|  |TAMS 0x0000000087100000, 0x0000000087100000| Untracked 
|  82|0x0000000087200000, 0x0000000087200000, 0x0000000087300000|  0%| F|  |TAMS 0x0000000087200000, 0x0000000087200000| Untracked 
|  83|0x0000000087300000, 0x0000000087300000, 0x0000000087400000|  0%| F|  |TAMS 0x0000000087300000, 0x0000000087300000| Untracked 
|  84|0x0000000087400000, 0x0000000087400000, 0x0000000087500000|  0%| F|  |TAMS 0x0000000087400000, 0x0000000087400000| Untracked 
|  85|0x0000000087500000, 0x0000000087500000, 0x0000000087600000|  0%| F|  |TAMS 0x0000000087500000, 0x0000000087500000| Untracked 
|  86|0x0000000087600000, 0x0000000087600000, 0x0000000087700000|  0%| F|  |TAMS 0x0000000087600000, 0x0000000087600000| Untracked 
|  87|0x0000000087700000, 0x0000000087700000, 0x0000000087800000|  0%| F|  |TAMS 0x0000000087700000, 0x0000000087700000| Untracked 
|  88|0x0000000087800000, 0x0000000087800000, 0x0000000087900000|  0%| F|  |TAMS 0x0000000087800000, 0x0000000087800000| Untracked 
|  89|0x0000000087900000, 0x0000000087900000, 0x0000000087a00000|  0%| F|  |TAMS 0x0000000087900000, 0x0000000087900000| Untracked 
|  90|0x0000000087a00000, 0x0000000087a00000, 0x0000000087b00000|  0%| F|  |TAMS 0x0000000087a00000, 0x0000000087a00000| Untracked 
|  91|0x0000000087b00000, 0x0000000087b00000, 0x0000000087c00000|  0%| F|  |TAMS 0x0000000087b00000, 0x0000000087b00000| Untracked 
|  92|0x0000000087c00000, 0x0000000087c00000, 0x0000000087d00000|  0%| F|  |TAMS 0x0000000087c00000, 0x0000000087c00000| Untracked 
|  93|0x0000000087d00000, 0x0000000087d00000, 0x0000000087e00000|  0%| F|  |TAMS 0x0000000087d00000, 0x0000000087d00000| Untracked 
|  94|0x0000000087e00000, 0x0000000087e00000, 0x0000000087f00000|  0%| F|  |TAMS 0x0000000087e00000, 0x0000000087e00000| Untracked 
|  95|0x0000000087f00000, 0x0000000087f00000, 0x0000000088000000|  0%| F|  |TAMS 0x0000000087f00000, 0x0000000087f00000| Untracked 
|  96|0x0000000088000000, 0x0000000088000000, 0x0000000088100000|  0%| F|  |TAMS 0x0000000088000000, 0x0000000088000000| Untracked 
|  97|0x0000000088100000, 0x0000000088100000, 0x0000000088200000|  0%| F|  |TAMS 0x0000000088100000, 0x0000000088100000| Untracked 
|  98|0x0000000088200000, 0x0000000088200000, 0x0000000088300000|  0%| F|  |TAMS 0x0000000088200000, 0x0000000088200000| Untracked 
|  99|0x0000000088300000, 0x0000000088300000, 0x0000000088400000|  0%| F|  |TAMS 0x0000000088300000, 0x0000000088300000| Untracked 
| 100|0x0000000088400000, 0x0000000088400000, 0x0000000088500000|  0%| F|  |TAMS 0x0000000088400000, 0x0000000088400000| Untracked 
| 101|0x0000000088500000, 0x0000000088500000, 0x0000000088600000|  0%| F|  |TAMS 0x0000000088500000, 0x0000000088500000| Untracked 
| 102|0x0000000088600000, 0x0000000088600000, 0x0000000088700000|  0%| F|  |TAMS 0x0000000088600000, 0x0000000088600000| Untracked 
| 103|0x0000000088700000, 0x0000000088700000, 0x0000000088800000|  0%| F|  |TAMS 0x0000000088700000, 0x0000000088700000| Untracked 
| 104|0x0000000088800000, 0x0000000088800000, 0x0000000088900000|  0%| F|  |TAMS 0x0000000088800000, 0x0000000088800000| Untracked 
| 105|0x0000000088900000, 0x0000000088a00000, 0x0000000088a00000|100%| S|CS|TAMS 0x0000000088900000, 0x0000000088900000| Complete 
| 106|0x0000000088a00000, 0x0000000088b00000, 0x0000000088b00000|100%| S|CS|TAMS 0x0000000088a00000, 0x0000000088a00000| Complete 
| 107|0x0000000088b00000, 0x0000000088c00000, 0x0000000088c00000|100%| S|CS|TAMS 0x0000000088b00000, 0x0000000088b00000| Complete 
| 108|0x0000000088c00000, 0x0000000088c00000, 0x0000000088d00000|  0%| F|  |TAMS 0x0000000088c00000, 0x0000000088c00000| Untracked 
| 109|0x0000000088d00000, 0x0000000088d00000, 0x0000000088e00000|  0%| F|  |TAMS 0x0000000088d00000, 0x0000000088d00000| Untracked 
| 110|0x0000000088e00000, 0x0000000088e00000, 0x0000000088f00000|  0%| F|  |TAMS 0x0000000088e00000, 0x0000000088e00000| Untracked 
| 111|0x0000000088f00000, 0x0000000088f00000, 0x0000000089000000|  0%| F|  |TAMS 0x0000000088f00000, 0x0000000088f00000| Untracked 
| 112|0x0000000089000000, 0x0000000089000000, 0x0000000089100000|  0%| F|  |TAMS 0x0000000089000000, 0x0000000089000000| Untracked 
| 113|0x0000000089100000, 0x0000000089100000, 0x0000000089200000|  0%| F|  |TAMS 0x0000000089100000, 0x0000000089100000| Untracked 
| 114|0x0000000089200000, 0x0000000089200000, 0x0000000089300000|  0%| F|  |TAMS 0x0000000089200000, 0x0000000089200000| Untracked 
| 115|0x0000000089300000, 0x0000000089300000, 0x0000000089400000|  0%| F|  |TAMS 0x0000000089300000, 0x0000000089300000| Untracked 
| 116|0x0000000089400000, 0x0000000089400000, 0x0000000089500000|  0%| F|  |TAMS 0x0000000089400000, 0x0000000089400000| Untracked 
| 117|0x0000000089500000, 0x0000000089500000, 0x0000000089600000|  0%| F|  |TAMS 0x0000000089500000, 0x0000000089500000| Untracked 
| 118|0x0000000089600000, 0x0000000089600000, 0x0000000089700000|  0%| F|  |TAMS 0x0000000089600000, 0x0000000089600000| Untracked 
| 119|0x0000000089700000, 0x0000000089700000, 0x0000000089800000|  0%| F|  |TAMS 0x0000000089700000, 0x0000000089700000| Untracked 
| 120|0x0000000089800000, 0x0000000089900000, 0x0000000089900000|100%| E|  |TAMS 0x0000000089800000, 0x0000000089800000| Complete 
| 121|0x0000000089900000, 0x0000000089a00000, 0x0000000089a00000|100%| E|CS|TAMS 0x0000000089900000, 0x0000000089900000| Complete 
| 122|0x0000000089a00000, 0x0000000089b00000, 0x0000000089b00000|100%| E|CS|TAMS 0x0000000089a00000, 0x0000000089a00000| Complete 
| 123|0x0000000089b00000, 0x0000000089c00000, 0x0000000089c00000|100%| E|CS|TAMS 0x0000000089b00000, 0x0000000089b00000| Complete 
| 124|0x0000000089c00000, 0x0000000089d00000, 0x0000000089d00000|100%| E|CS|TAMS 0x0000000089c00000, 0x0000000089c00000| Complete 
| 125|0x0000000089d00000, 0x0000000089e00000, 0x0000000089e00000|100%| E|CS|TAMS 0x0000000089d00000, 0x0000000089d00000| Complete 

Card table byte_map: [0x00000203a3fa0000,0x00000203a4390000] _byte_map_base: 0x00000203a3b90000

Marking Bits (Prev, Next): (CMBitMap*) 0x0000020391738cc0, (CMBitMap*) 0x0000020391738d00
 Prev Bits: [0x00000203a4780000, 0x00000203a6700000)
 Next Bits: [0x00000203a6700000, 0x00000203a8680000)

Polling page: 0x000002038f530000

Metaspace:

Usage:
  Non-class:     13.82 MB used.
      Class:      1.83 MB used.
       Both:     15.65 MB used.

Virtual space:
  Non-class space:       16.00 MB reserved,      13.94 MB ( 87%) committed,  2 nodes.
      Class space:        1.00 GB reserved,       1.94 MB ( <1%) committed,  1 nodes.
             Both:        1.02 GB reserved,      15.88 MB (  2%) committed. 

Chunk freelists:
   Non-Class:  2.10 MB
       Class:  2.05 MB
        Both:  4.14 MB

MaxMetaspaceSize: unlimited
CompressedClassSpaceSize: 1.00 GB
Initial GC threshold: 21.00 MB
Current GC threshold: 21.00 MB
CDS: off
MetaspaceReclaimPolicy: balanced
 - commit_granule_bytes: 65536.
 - commit_granule_words: 8192.
 - virtual_space_node_default_size: 1048576.
 - enlarge_chunks_in_place: 1.
 - new_chunks_are_fully_committed: 0.
 - uncommit_free_chunks: 1.
 - use_allocation_guard: 0.
 - handle_deallocations: 1.


Internal statistics:

num_allocs_failed_limit: 0.
num_arena_births: 76.
num_arena_deaths: 0.
num_vsnodes_births: 3.
num_vsnodes_deaths: 0.
num_space_committed: 254.
num_space_uncommitted: 0.
num_chunks_returned_to_freelist: 0.
num_chunks_taken_from_freelist: 296.
num_chunk_merges: 0.
num_chunk_splits: 191.
num_chunks_enlarged: 161.
num_purges: 0.
num_inconsistent_stats: 0.

CodeHeap 'non-profiled nmethods': size=120000Kb used=459Kb max_used=459Kb free=119540Kb
 bounds [0x000002039c680000, 0x000002039c8f0000, 0x00000203a3bb0000]
CodeHeap 'profiled nmethods': size=120000Kb used=2073Kb max_used=2073Kb free=117926Kb
 bounds [0x0000020394bb0000, 0x0000020394e20000, 0x000002039c0e0000]
CodeHeap 'non-nmethods': size=5760Kb used=1161Kb max_used=1174Kb free=4598Kb
 bounds [0x000002039c0e0000, 0x000002039c350000, 0x000002039c680000]
 total_blobs=1604 nmethods=1147 adapters=370
 compilation: enabled
              stopped_count=0, restarted_count=0
 full_count=0

Compilation events (20 events):
Event: 6.573 Thread 0x00000203ab55d2a0 nmethod 1138 0x0000020394db4190 code [0x0000020394db4340, 0x0000020394db4688]
Event: 7.056 Thread 0x00000203ab55d2a0 1139       3       org.gradle.internal.Cast::uncheckedNonnullCast (2 bytes)
Event: 7.056 Thread 0x00000203ab55d2a0 nmethod 1139 0x0000020394db4790 code [0x0000020394db4920, 0x0000020394db4a18]
Event: 7.079 Thread 0x00000203ab55d2a0 1140       1       org.gradle.internal.logging.text.AbstractLineChoppingStyledTextOutput$SeenFromEol::size (5 bytes)
Event: 7.079 Thread 0x00000203ab55d2a0 nmethod 1140 0x000002039c6f2610 code [0x000002039c6f27a0, 0x000002039c6f2878]
Event: 7.080 Thread 0x00000203ab55d2a0 1141       1       org.gradle.internal.logging.text.AbstractLineChoppingStyledTextOutput$StateContext::access$000 (5 bytes)
Event: 7.080 Thread 0x00000203ab55d2a0 nmethod 1141 0x000002039c6f2910 code [0x000002039c6f2aa0, 0x000002039c6f2b58]
Event: 7.080 Thread 0x00000203ab55d2a0 1143       3       org.gradle.internal.logging.text.AbstractLineChoppingStyledTextOutput$StateContext::isCurrentCharEquals (70 bytes)
Event: 7.081 Thread 0x00000203ab55d2a0 nmethod 1143 0x0000020394db4a90 code [0x0000020394db4ca0, 0x0000020394db5398]
Event: 7.081 Thread 0x00000203ab55d2a0 1142       1       org.gradle.internal.logging.text.AbstractLineChoppingStyledTextOutput$StateContext::access$500 (5 bytes)
Event: 7.081 Thread 0x00000203ab55d2a0 nmethod 1142 0x000002039c6f2c10 code [0x000002039c6f2da0, 0x000002039c6f2e58]
Event: 7.081 Thread 0x00000203ab55d2a0 1144       3       org.gradle.internal.logging.text.AbstractLineChoppingStyledTextOutput$StateContext::hasChar (25 bytes)
Event: 7.081 Thread 0x00000203ab55d2a0 nmethod 1144 0x0000020394db5710 code [0x0000020394db58a0, 0x0000020394db5a38]
Event: 7.081 Thread 0x00000203ab55d2a0 1145       3       org.gradle.internal.logging.text.AbstractLineChoppingStyledTextOutput$StateContext::setState (10 bytes)
Event: 7.081 Thread 0x00000203ab55d2a0 nmethod 1145 0x0000020394db5b10 code [0x0000020394db5cc0, 0x0000020394db5e78]
Event: 7.081 Thread 0x00000203ab55d2a0 1146       3       org.gradle.internal.logging.text.AbstractLineChoppingStyledTextOutput::access$402 (7 bytes)
Event: 7.081 Thread 0x00000203ab55d2a0 nmethod 1146 0x0000020394db5f90 code [0x0000020394db6120, 0x0000020394db6258]
Event: 7.081 Thread 0x00000203ab55d2a0 1147       3       org.gradle.internal.logging.text.AbstractLineChoppingStyledTextOutput$1::execute (9 bytes)
Event: 7.081 Thread 0x00000203ab55d2a0 nmethod 1147 0x0000020394db6310 code [0x0000020394db64c0, 0x0000020394db66e8]
Event: 7.081 Thread 0x00000203ab55d2a0 1148       3       org.gradle.internal.logging.text.AbstractLineChoppingStyledTextOutput$1::execute (140 bytes)

GC Heap History (4 events):
Event: 0.860 GC heap before
{Heap before GC invocations=0 (full 0):
 garbage-first heap   total 129024K, used 16384K [0x0000000082000000, 0x0000000100000000)
  region size 1024K, 13 young (13312K), 0 survivors (0K)
 Metaspace       used 8665K, committed 8832K, reserved 1056768K
  class space    used 776K, committed 896K, reserved 1048576K
}
Event: 0.864 GC heap after
{Heap after GC invocations=1 (full 0):
 garbage-first heap   total 129024K, used 3014K [0x0000000082000000, 0x0000000100000000)
  region size 1024K, 2 young (2048K), 2 survivors (2048K)
 Metaspace       used 8665K, committed 8832K, reserved 1056768K
  class space    used 776K, committed 896K, reserved 1048576K
}
Event: 1.503 GC heap before
{Heap before GC invocations=1 (full 0):
 garbage-first heap   total 129024K, used 22470K [0x0000000082000000, 0x0000000100000000)
  region size 1024K, 18 young (18432K), 2 survivors (2048K)
 Metaspace       used 13415K, committed 13568K, reserved 1064960K
  class space    used 1533K, committed 1600K, reserved 1048576K
}
Event: 1.507 GC heap after
{Heap after GC invocations=2 (full 0):
 garbage-first heap   total 129024K, used 9593K [0x0000000082000000, 0x0000000100000000)
  region size 1024K, 3 young (3072K), 3 survivors (3072K)
 Metaspace       used 13415K, committed 13568K, reserved 1064960K
  class space    used 1533K, committed 1600K, reserved 1048576K
}

Dll operation events (2 events):
Event: 0.010 Loaded shared library C:\Program Files\Android\Android Studio\jbr\bin\java.dll
Event: 0.209 Loaded shared library C:\Program Files\Android\Android Studio\jbr\bin\verify.dll

Deoptimization events (20 events):
Event: 1.511 Thread 0x00000203916da0f0 Uncommon trap: trap_request=0xffffffc6 fr.pc=0x000002039c6deb20 relative=0x00000000000005c0
Event: 1.511 Thread 0x00000203916da0f0 Uncommon trap: reason=bimorphic_or_optimized_type_check action=maybe_recompile pc=0x000002039c6deb20 method=java.util.concurrent.ConcurrentHashMap.get(Ljava/lang/Object;)Ljava/lang/Object; @ 149 c2
Event: 1.511 Thread 0x00000203916da0f0 DEOPT PACKING pc=0x000002039c6deb20 sp=0x000000a5a38fa660
Event: 1.511 Thread 0x00000203916da0f0 DEOPT UNPACKING pc=0x000002039c1369a3 sp=0x000000a5a38fa600 mode 2
Event: 1.533 Thread 0x00000203916da0f0 DEOPT PACKING pc=0x0000020394c90538 sp=0x000000a5a38f9e90
Event: 1.533 Thread 0x00000203916da0f0 DEOPT UNPACKING pc=0x000002039c137143 sp=0x000000a5a38f93a8 mode 0
Event: 1.545 Thread 0x00000203916da0f0 DEOPT PACKING pc=0x0000020394c4ade5 sp=0x000000a5a38f9c90
Event: 1.545 Thread 0x00000203916da0f0 DEOPT UNPACKING pc=0x000002039c137143 sp=0x000000a5a38f90e0 mode 0
Event: 1.625 Thread 0x00000203916da0f0 Uncommon trap: trap_request=0xffffff45 fr.pc=0x000002039c6d62dc relative=0x0000000000001d1c
Event: 1.625 Thread 0x00000203916da0f0 Uncommon trap: reason=unstable_if action=reinterpret pc=0x000002039c6d62dc method=java.io.WinNTFileSystem.normalize(Ljava/lang/String;)Ljava/lang/String; @ 128 c2
Event: 1.625 Thread 0x00000203916da0f0 DEOPT PACKING pc=0x000002039c6d62dc sp=0x000000a5a38fb680
Event: 1.625 Thread 0x00000203916da0f0 DEOPT UNPACKING pc=0x000002039c1369a3 sp=0x000000a5a38fb668 mode 2
Event: 1.863 Thread 0x00000203916da0f0 Uncommon trap: trap_request=0xffffff45 fr.pc=0x000002039c6b57a4 relative=0x0000000000000664
Event: 1.863 Thread 0x00000203916da0f0 Uncommon trap: reason=unstable_if action=reinterpret pc=0x000002039c6b57a4 method=java.lang.AbstractStringBuilder.append(Ljava/lang/String;)Ljava/lang/AbstractStringBuilder; @ 1 c2
Event: 1.863 Thread 0x00000203916da0f0 DEOPT PACKING pc=0x000002039c6b57a4 sp=0x000000a5a38fc3f0
Event: 1.863 Thread 0x00000203916da0f0 DEOPT UNPACKING pc=0x000002039c1369a3 sp=0x000000a5a38fc370 mode 2
Event: 1.864 Thread 0x00000203916da0f0 Uncommon trap: trap_request=0xffffff45 fr.pc=0x000002039c6b6424 relative=0x0000000000000664
Event: 1.864 Thread 0x00000203916da0f0 Uncommon trap: reason=unstable_if action=reinterpret pc=0x000002039c6b6424 method=java.lang.AbstractStringBuilder.append(Ljava/lang/String;)Ljava/lang/AbstractStringBuilder; @ 1 c2
Event: 1.864 Thread 0x00000203916da0f0 DEOPT PACKING pc=0x000002039c6b6424 sp=0x000000a5a38fc390
Event: 1.864 Thread 0x00000203916da0f0 DEOPT UNPACKING pc=0x000002039c1369a3 sp=0x000000a5a38fc378 mode 2

Classes unloaded (0 events):
No events

Classes redefined (0 events):
No events

Internal exceptions (18 events):
Event: 0.384 Thread 0x00000203916da0f0 Exception <a 'java/lang/NoSuchMethodError'{0x0000000089a14e60}: 'int java.lang.invoke.DirectMethodHandle$Holder.invokeStaticInit(java.lang.Object, java.lang.Object)'> (0x0000000089a14e60) 
thrown [s\src\hotspot\share\interpreter\linkResolver.cpp, line 771]
Event: 1.138 Thread 0x00000203916da0f0 Exception <a 'java/lang/NoSuchMethodError'{0x00000000896235a8}: 'void java.lang.invoke.DirectMethodHandle$Holder.invokeStatic(java.lang.Object, java.lang.Object)'> (0x00000000896235a8) 
thrown [s\src\hotspot\share\interpreter\linkResolver.cpp, line 771]
Event: 1.171 Thread 0x00000203916da0f0 Exception <a 'java/lang/NoClassDefFoundError'{0x00000000896ac608}: org/slf4j/impl/StaticMarkerBinder> (0x00000000896ac608) 
thrown [s\src\hotspot\share\classfile\systemDictionary.cpp, line 245]
Event: 1.189 Thread 0x00000203916da0f0 Exception <a 'java/lang/NoSuchMethodError'{0x0000000089547670}: 'java.lang.Object java.lang.invoke.DirectMethodHandle$Holder.invokeVirtual(java.lang.Object, java.lang.Object, java.lang.Object, java.lang.Object, java.lang.Object, java.lang.Object, java.lang.Object)'> (0x0000000089547670) 
thrown [s\src\hotspot\share\interpreter\linkResolver.cpp, line 771]
Event: 1.192 Thread 0x00000203916da0f0 Exception <a 'java/lang/NoSuchMethodError'{0x0000000089559770}: 'java.lang.Object java.lang.invoke.Invokers$Holder.invoker(java.lang.Object, java.lang.Object, java.lang.Object)'> (0x0000000089559770) 
thrown [s\src\hotspot\share\interpreter\linkResolver.cpp, line 771]
Event: 1.195 Thread 0x00000203916da0f0 Exception <a 'java/lang/NoSuchMethodError'{0x00000000895628a0}: 'java.lang.Object java.lang.invoke.DirectMethodHandle$Holder.invokeStatic(java.lang.Object, java.lang.Object, int)'> (0x00000000895628a0) 
thrown [s\src\hotspot\share\interpreter\linkResolver.cpp, line 771]
Event: 1.198 Thread 0x00000203916da0f0 Exception <a 'java/lang/NoSuchMethodError'{0x000000008956e590}: 'void java.lang.invoke.DelegatingMethodHandle$Holder.delegate(java.lang.Object, java.lang.Object, int, java.lang.Object)'> (0x000000008956e590) 
thrown [s\src\hotspot\share\interpreter\linkResolver.cpp, line 771]
Event: 1.198 Thread 0x00000203916da0f0 Exception <a 'java/lang/NoSuchMethodError'{0x00000000895726d8}: 'int java.lang.invoke.DirectMethodHandle$Holder.invokeSpecial(java.lang.Object, java.lang.Object, java.lang.Object)'> (0x00000000895726d8) 
thrown [s\src\hotspot\share\interpreter\linkResolver.cpp, line 771]
Event: 1.207 Thread 0x00000203916da0f0 Exception <a 'java/lang/NoSuchMethodError'{0x0000000089585890}: 'java.lang.Object java.lang.invoke.Invokers$Holder.invokeExact_MT(java.lang.Object, java.lang.Object, java.lang.Object, java.lang.Object)'> (0x0000000089585890) 
thrown [s\src\hotspot\share\interpreter\linkResolver.cpp, line 771]
Event: 1.384 Thread 0x00000203916da0f0 Exception <a 'java/lang/NoSuchMethodError'{0x0000000089186e70}: 'java.lang.Object java.lang.invoke.DirectMethodHandle$Holder.invokeInterface(java.lang.Object, java.lang.Object, java.lang.Object)'> (0x0000000089186e70) 
thrown [s\src\hotspot\share\interpreter\linkResolver.cpp, line 771]
Event: 1.407 Thread 0x00000203916da0f0 Implicit null exception at 0x000002039c6cebb1 to 0x000002039c6cf034
Event: 1.407 Thread 0x00000203916da0f0 Implicit null exception at 0x000002039c6bceac to 0x000002039c6bd304
Event: 1.440 Thread 0x00000203916da0f0 Exception <a 'java/lang/NoSuchMethodError'{0x0000000088d3de60}: 'java.lang.Object java.lang.invoke.DirectMethodHandle$Holder.invokeStaticInit(java.lang.Object)'> (0x0000000088d3de60) 
thrown [s\src\hotspot\share\interpreter\linkResolver.cpp, line 771]
Event: 1.570 Thread 0x00000203916da0f0 Exception <a 'java/lang/NoSuchMethodError'{0x0000000089b50398}: 'java.lang.Object java.lang.invoke.DirectMethodHandle$Holder.invokeStaticInit(java.lang.Object, int, int, int, int)'> (0x0000000089b50398) 
thrown [s\src\hotspot\share\interpreter\linkResolver.cpp, line 771]
Event: 1.632 Thread 0x00000203916da0f0 Exception <a 'java/lang/NoSuchMethodError'{0x0000000089b9d830}: 'java.lang.Object java.lang.invoke.DirectMethodHandle$Holder.invokeStaticInit(java.lang.Object, java.lang.Object, int, int, int, int)'> (0x0000000089b9d830) 
thrown [s\src\hotspot\share\interpreter\linkResolver.cpp, line 771]
Event: 1.838 Thread 0x00000203916da0f0 Exception <a 'java/lang/NoSuchMethodError'{0x0000000089bcabb8}: 'void java.lang.invoke.DirectMethodHandle$Holder.invokeStatic(java.lang.Object, java.lang.Object, java.lang.Object)'> (0x0000000089bcabb8) 
thrown [s\src\hotspot\share\interpreter\linkResolver.cpp, line 771]
Event: 1.863 Thread 0x00000203916da0f0 Implicit null exception at 0x000002039c6b5172 to 0x000002039c6b578c
Event: 1.864 Thread 0x00000203916da0f0 Implicit null exception at 0x000002039c6b5df2 to 0x000002039c6b640c

VM Operations (18 events):
Event: 0.164 Executing VM operation: HandshakeAllThreads
Event: 0.164 Executing VM operation: HandshakeAllThreads done
Event: 0.860 Executing VM operation: G1CollectForAllocation
Event: 0.864 Executing VM operation: G1CollectForAllocation done
Event: 0.998 Executing VM operation: HandshakeAllThreads
Event: 0.998 Executing VM operation: HandshakeAllThreads done
Event: 1.194 Executing VM operation: HandshakeAllThreads
Event: 1.194 Executing VM operation: HandshakeAllThreads done
Event: 1.503 Executing VM operation: G1CollectForAllocation
Event: 1.507 Executing VM operation: G1CollectForAllocation done
Event: 1.583 Executing VM operation: HandshakeAllThreads
Event: 1.583 Executing VM operation: HandshakeAllThreads done
Event: 1.626 Executing VM operation: HandshakeAllThreads
Event: 1.626 Executing VM operation: HandshakeAllThreads done
Event: 2.629 Executing VM operation: Cleanup
Event: 2.629 Executing VM operation: Cleanup done
Event: 5.652 Executing VM operation: Cleanup
Event: 5.652 Executing VM operation: Cleanup done

Events (20 events):
Event: 2.119 loading class jdk/internal/reflect/ByteVectorFactory
Event: 2.119 loading class jdk/internal/reflect/ByteVectorFactory done
Event: 2.119 loading class jdk/internal/reflect/ByteVectorImpl
Event: 2.119 loading class jdk/internal/reflect/ByteVector
Event: 2.119 loading class jdk/internal/reflect/ByteVector done
Event: 2.119 loading class jdk/internal/reflect/ByteVectorImpl done
Event: 2.119 loading class jdk/internal/reflect/ClassFileAssembler
Event: 2.119 loading class jdk/internal/reflect/ClassFileAssembler done
Event: 2.119 loading class jdk/internal/reflect/UTF8
Event: 2.119 loading class jdk/internal/reflect/UTF8 done
Event: 2.120 loading class jdk/internal/reflect/Label
Event: 2.120 loading class jdk/internal/reflect/Label done
Event: 2.120 loading class jdk/internal/reflect/Label$PatchInfo
Event: 2.120 loading class jdk/internal/reflect/Label$PatchInfo done
Event: 2.120 loading class jdk/internal/reflect/MethodAccessorGenerator$1
Event: 2.120 loading class jdk/internal/reflect/MethodAccessorGenerator$1 done
Event: 2.120 loading class jdk/internal/reflect/ClassDefiner
Event: 2.120 loading class jdk/internal/reflect/ClassDefiner done
Event: 2.121 loading class jdk/internal/reflect/ClassDefiner$1
Event: 2.121 loading class jdk/internal/reflect/ClassDefiner$1 done


Dynamic libraries:
0x00007ff606990000 - 0x00007ff60699a000 	C:\Program Files\Android\Android Studio\jbr\bin\java.exe
0x00007fff83510000 - 0x00007fff83708000 	C:\WINDOWS\SYSTEM32\ntdll.dll
0x00007fff83300000 - 0x00007fff833bd000 	C:\WINDOWS\System32\KERNEL32.DLL
0x00007fff81060000 - 0x00007fff81356000 	C:\WINDOWS\System32\KERNELBASE.dll
0x00007fff80ec0000 - 0x00007fff80fc0000 	C:\WINDOWS\System32\ucrtbase.dll
0x00007fff6aee0000 - 0x00007fff6aef7000 	C:\Program Files\Android\Android Studio\jbr\bin\jli.dll
0x00007fff664b0000 - 0x00007fff664cb000 	C:\Program Files\Android\Android Studio\jbr\bin\VCRUNTIME140.dll
0x00007fff81570000 - 0x00007fff8170e000 	C:\WINDOWS\System32\USER32.dll
0x00007fff81360000 - 0x00007fff81382000 	C:\WINDOWS\System32\win32u.dll
0x00007fff69f80000 - 0x00007fff6a21a000 	C:\WINDOWS\WinSxS\amd64_microsoft.windows.common-controls_6595b64144ccf1df_6.0.19041.3636_none_60b6a03d71f818d5\COMCTL32.dll
0x00007fff82680000 - 0x00007fff826ac000 	C:\WINDOWS\System32\GDI32.dll
0x00007fff82770000 - 0x00007fff8280e000 	C:\WINDOWS\System32\msvcrt.dll
0x00007fff80da0000 - 0x00007fff80eba000 	C:\WINDOWS\System32\gdi32full.dll
0x00007fff80fc0000 - 0x00007fff8105d000 	C:\WINDOWS\System32\msvcp_win.dll
0x00007fff81ba0000 - 0x00007fff81bd0000 	C:\WINDOWS\System32\IMM32.DLL
0x00007fff686b0000 - 0x00007fff686bc000 	C:\Program Files\Android\Android Studio\jbr\bin\vcruntime140_1.dll
0x00007fff49780000 - 0x00007fff4980d000 	C:\Program Files\Android\Android Studio\jbr\bin\msvcp140.dll
0x00007ffefb720000 - 0x00007ffefc38e000 	C:\Program Files\Android\Android Studio\jbr\bin\server\jvm.dll
0x00007fff81c80000 - 0x00007fff81d2f000 	C:\WINDOWS\System32\ADVAPI32.dll
0x00007fff82ab0000 - 0x00007fff82b4c000 	C:\WINDOWS\System32\sechost.dll
0x00007fff82820000 - 0x00007fff82946000 	C:\WINDOWS\System32\RPCRT4.dll
0x00007fff7cb40000 - 0x00007fff7cb49000 	C:\WINDOWS\SYSTEM32\WSOCK32.dll
0x00007fff699d0000 - 0x00007fff699f7000 	C:\WINDOWS\SYSTEM32\WINMM.dll
0x00007fff829e0000 - 0x00007fff82a4b000 	C:\WINDOWS\System32\WS2_32.dll
0x00007fff79200000 - 0x00007fff7920a000 	C:\WINDOWS\SYSTEM32\VERSION.dll
0x00007fff7ea90000 - 0x00007fff7eaa2000 	C:\WINDOWS\SYSTEM32\kernel.appcore.dll
0x00007fff7a270000 - 0x00007fff7a27a000 	C:\Program Files\Android\Android Studio\jbr\bin\jimage.dll
0x00007fff78530000 - 0x00007fff78714000 	C:\WINDOWS\SYSTEM32\DBGHELP.DLL
0x00007fff78460000 - 0x00007fff78494000 	C:\WINDOWS\SYSTEM32\dbgcore.DLL
0x00007fff81390000 - 0x00007fff81412000 	C:\WINDOWS\System32\bcryptPrimitives.dll
0x00007fff78740000 - 0x00007fff78765000 	C:\Program Files\Android\Android Studio\jbr\bin\java.dll
0x00007fff78720000 - 0x00007fff78738000 	C:\Program Files\Android\Android Studio\jbr\bin\zip.dll
0x00007fff81d40000 - 0x00007fff82484000 	C:\WINDOWS\System32\SHELL32.dll
0x00007fff7ec90000 - 0x00007fff7f42b000 	C:\WINDOWS\SYSTEM32\windows.storage.dll
0x00007fff82d00000 - 0x00007fff83054000 	C:\WINDOWS\System32\combase.dll
0x00007fff805c0000 - 0x00007fff805ed000 	C:\WINDOWS\SYSTEM32\Wldp.dll
0x00007fff81bd0000 - 0x00007fff81c7d000 	C:\WINDOWS\System32\SHCORE.dll
0x00007fff826b0000 - 0x00007fff82705000 	C:\WINDOWS\System32\shlwapi.dll
0x00007fff80b20000 - 0x00007fff80b45000 	C:\WINDOWS\SYSTEM32\profapi.dll
0x00007fff779d0000 - 0x00007fff779e9000 	C:\Program Files\Android\Android Studio\jbr\bin\net.dll
0x00007fff788e0000 - 0x00007fff789ea000 	C:\WINDOWS\SYSTEM32\WINHTTP.dll
0x00007fff80320000 - 0x00007fff8038a000 	C:\WINDOWS\system32\mswsock.dll
0x00007fff75e10000 - 0x00007fff75e26000 	C:\Program Files\Android\Android Studio\jbr\bin\nio.dll
0x00007fff799a0000 - 0x00007fff799b0000 	C:\Program Files\Android\Android Studio\jbr\bin\verify.dll
0x00007fff664d0000 - 0x00007fff664f7000 	C:\Users\aldas\.gradle\native\e1d6ef7f7dcc3fd88c89a11ec53ec762bb8ba0a96d01ffa2cd45eb1d1d8dd5c5\windows-amd64\native-platform.dll
0x00007fff779c0000 - 0x00007fff779c9000 	C:\Program Files\Android\Android Studio\jbr\bin\management.dll
0x00007fff76290000 - 0x00007fff7629b000 	C:\Program Files\Android\Android Studio\jbr\bin\management_ext.dll
0x00007fff82810000 - 0x00007fff82818000 	C:\WINDOWS\System32\PSAPI.DLL
0x00007fff80520000 - 0x00007fff80538000 	C:\WINDOWS\SYSTEM32\CRYPTSP.dll
0x00007fff7fbf0000 - 0x00007fff7fc24000 	C:\WINDOWS\system32\rsaenh.dll
0x00007fff81540000 - 0x00007fff81567000 	C:\WINDOWS\System32\bcrypt.dll
0x00007fff80aa0000 - 0x00007fff80ace000 	C:\WINDOWS\SYSTEM32\USERENV.dll
0x00007fff80510000 - 0x00007fff8051c000 	C:\WINDOWS\SYSTEM32\CRYPTBASE.dll
0x00007fff7ffb0000 - 0x00007fff7ffeb000 	C:\WINDOWS\SYSTEM32\IPHLPAPI.DLL
0x00007fff83060000 - 0x00007fff83068000 	C:\WINDOWS\System32\NSI.dll
0x00007fff790f0000 - 0x00007fff79107000 	C:\WINDOWS\SYSTEM32\dhcpcsvc6.DLL
0x00007fff79630000 - 0x00007fff7964d000 	C:\WINDOWS\SYSTEM32\dhcpcsvc.DLL
0x00007fff7fff0000 - 0x00007fff800ba000 	C:\WINDOWS\SYSTEM32\DNSAPI.dll
0x00007fff6c900000 - 0x00007fff6c907000 	C:\WINDOWS\system32\wshunix.dll

dbghelp: loaded successfully - version: 4.0.5 - missing functions: none
symbol engine: initialized successfully - sym options: 0x614 - pdb path: .;C:\Program Files\Android\Android Studio\jbr\bin;C:\WINDOWS\SYSTEM32;C:\WINDOWS\WinSxS\amd64_microsoft.windows.common-controls_6595b64144ccf1df_6.0.19041.3636_none_60b6a03d71f818d5;C:\Program Files\Android\Android Studio\jbr\bin\server;C:\Users\aldas\.gradle\native\e1d6ef7f7dcc3fd88c89a11ec53ec762bb8ba0a96d01ffa2cd45eb1d1d8dd5c5\windows-amd64

VM Arguments:
jvm_args: -Dorg.gradle.appname=gradlew 
java_command: org.gradle.wrapper.GradleWrapperMain -q -Ptarget-platform=android-arm -Ptarget=C:\Users\aldas\myProjects\essential_control\lib\main.dart -Pbase-application-name=android.app.Application -Pdart-defines=RkxVVFRFUl9XRUJfQVVUT19ERVRFQ1Q9dHJ1ZQ==,RkxVVFRFUl9XRUJfQ0FOVkFTS0lUX1VSTD1odHRwczovL3d3dy5nc3RhdGljLmNvbS9mbHV0dGVyLWNhbnZhc2tpdC9iZDk4NmM1ZWQyMGE2MmRjMzRiNzcxOGM1MGFiYzc4MmJlYWU0YzMzLw== -Pdart-obfuscation=false -Ptrack-widget-creation=true -Ptree-shake-icons=false -Pfilesystem-scheme=org-dartlang-root assembleDebug
java_class_path (initial): C:\Users\aldas\myProjects\essential_control\android\\gradle\wrapper\gradle-wrapper.jar
Launcher Type: SUN_STANDARD

[Global flags]
     intx CICompilerCount                          = 3                                         {product} {ergonomic}
     uint ConcGCThreads                            = 1                                         {product} {ergonomic}
     uint G1ConcRefinementThreads                  = 4                                         {product} {ergonomic}
   size_t G1HeapRegionSize                         = 1048576                                   {product} {ergonomic}
    uintx GCDrainStackTargetSize                   = 64                                        {product} {ergonomic}
   size_t InitialHeapSize                          = 132120576                                 {product} {ergonomic}
   size_t MarkStackSize                            = 4194304                                   {product} {ergonomic}
   size_t MaxHeapSize                              = 2113929216                                {product} {ergonomic}
   size_t MaxNewSize                               = 1267728384                                {product} {ergonomic}
   size_t MinHeapDeltaBytes                        = 1048576                                   {product} {ergonomic}
   size_t MinHeapSize                              = 8388608                                   {product} {ergonomic}
    uintx NonNMethodCodeHeapSize                   = 5832780                                {pd product} {ergonomic}
    uintx NonProfiledCodeHeapSize                  = 122912730                              {pd product} {ergonomic}
    uintx ProfiledCodeHeapSize                     = 122912730                              {pd product} {ergonomic}
    uintx ReservedCodeCacheSize                    = 251658240                              {pd product} {ergonomic}
     bool SegmentedCodeCache                       = true                                      {product} {ergonomic}
   size_t SoftMaxHeapSize                          = 2113929216                             {manageable} {ergonomic}
     bool UseCompressedClassPointers               = true                           {product lp64_product} {ergonomic}
     bool UseCompressedOops                        = true                           {product lp64_product} {ergonomic}
     bool UseG1GC                                  = true                                      {product} {ergonomic}
     bool UseLargePagesIndividualAllocation        = false                                  {pd product} {ergonomic}

Logging:
Log output configuration:
 #0: stdout all=warning uptime,level,tags
 #1: stderr all=off uptime,level,tags

Environment Variables:
JAVA_HOME=C:\Program Files\Android\Android Studio\jbr
CLASSPATH=C:\Users\aldas\myProjects\essential_control\android\\gradle\wrapper\gradle-wrapper.jar
PATH=C:\Program Files\Android\Android Studio\jbr\bin;C:\WINDOWS\system32;C:\WINDOWS;C:\WINDOWS\System32\Wbem;C:\WINDOWS\System32\WindowsPowerShell\v1.0\;C:\WINDOWS\System32\OpenSSH\;C:\Program Files (x86)\Git\cmd;C:\flutter\bin\;C:\Program Files\Microsoft SQL Server\150\Tools\Binn\;C:\Program Files (x86)\Windows Kits\10\Windows Performance Toolkit\;C:\src\tools;C:\Users\aldas\scoop\apps\gcc\current\bin;C:\Users\aldas\scoop\shims;C:\Users\aldas\AppData\Local\Microsoft\WindowsApps;C:\Users\aldas\AppData\Local\Microsoft\WinGet\Links;C:\flutter\bin\;C:\Users\aldas\AppData\Local\Programs\Microsoft VS Code\bin;C:\Users\aldas\AppData\Local\Programs\oh-my-posh\bin;C:\flutter\bin\mingit\cmd
USERNAME=aldas
OS=Windows_NT
PROCESSOR_IDENTIFIER=Intel64 Family 6 Model 78 Stepping 3, GenuineIntel
TMP=C:\Users\aldas\AppData\Local\Temp
TEMP=C:\Users\aldas\AppData\Local\Temp


JNI global refs:
JNI global refs: 19, weak refs: 7

JNI global refs memory usage: 843, weak refs: 841


---------------  S Y S T E M  ---------------

OS:
 Windows 10 , 64 bit Build 19041 (10.0.19041.3636)
OS uptime: 0 days 13:58 hours

CPU: total 4 (initial active 4) (2 cores per cpu, 2 threads per core) family 6 model 78 stepping 3 microcode 0xf0, cx8, cmov, fxsr, ht, mmx, 3dnowpref, sse, sse2, sse3, ssse3, sse4.1, sse4.2, popcnt, lzcnt, tsc, tscinvbit, avx, avx2, aes, erms, clmul, bmi1, bmi2, adx, fma, vzeroupper, clflush, clflushopt

Memory: 4k page, system-wide physical 8063M (795M free)
TotalPageFile size 12904M (AvailPageFile size 264M)
current process WorkingSet (physical memory assigned to process): 83M, peak: 87M
current process commit charge ("private bytes"): 216M, peak: 219M

vm_info: OpenJDK 64-Bit Server VM (17.0.6+0-b2043.56-10027231) for windows-amd64 JRE (17.0.6+0-b2043.56-10027231), built on Apr 28 2023 00:43:19 by "androidbuild" with MS VC++ 16.10 / 16.11 (VS2019)

END.
